2025-08-19 18:31:44,425 INFO o.a.j.u.JMeterUtils: Setting Locale to en_EN
2025-08-19 18:31:44,463 INFO o.a.j.JMeter: Loading user properties from: /opt/apache-jmeter-5.5/bin/user.properties
2025-08-19 18:31:44,464 INFO o.a.j.JMeter: Loading system properties from: /opt/apache-jmeter-5.5/bin/system.properties
2025-08-19 18:31:44,464 INFO o.a.j.JMeter: Setting System property: log4j2.formatMsgNoLookups=true
2025-08-19 18:31:44,464 INFO o.a.j.JMeter: Setting JMeter property: jmeter.save.saveservice.output_format=csv
2025-08-19 18:31:44,464 INFO o.a.j.JMeter: Setting JMeter property: jmeter.save.saveservice.print_field_names=true
2025-08-19 18:31:44,464 INFO o.a.j.JMeter: Setting JMeter property: jmeter.save.saveservice.timestamp_format=ms
2025-08-19 18:31:44,465 INFO o.a.j.JMeter: Setting JMeter property: jmeter.save.saveservice.default_delimiter=,
2025-08-19 18:31:44,465 INFO o.a.j.JMeter: Setting JMeter property: jmeter.save.saveservice.latency=true
2025-08-19 18:31:44,465 INFO o.a.j.JMeter: Setting JMeter property: jmeter.save.saveservice.label=true
2025-08-19 18:31:44,465 INFO o.a.j.JMeter: Setting JMeter property: jmeter.save.saveservice.successful=true
2025-08-19 18:31:44,465 INFO o.a.j.JMeter: Setting JMeter property: jmeter.save.saveservice.thread_counts=true
2025-08-19 18:31:44,465 INFO o.a.j.JMeter: Setting JMeter property: threads=10
2025-08-19 18:31:44,465 INFO o.a.j.JMeter: Setting JMeter property: loops=100
2025-08-19 18:31:44,465 INFO o.a.j.JMeter: Setting JMeter property: rampUp=60
2025-08-19 18:31:44,465 INFO o.a.j.JMeter: Setting JMeter property: duration=180
2025-08-19 18:31:44,479 INFO o.a.j.JMeter: Copyright (c) 1998-2022 The Apache Software Foundation
2025-08-19 18:31:44,479 INFO o.a.j.JMeter: Version 5.5
2025-08-19 18:31:44,479 INFO o.a.j.JMeter: java.version=1.8.0_275
2025-08-19 18:31:44,479 INFO o.a.j.JMeter: java.vm.name=OpenJDK 64-Bit Server VM
2025-08-19 18:31:44,479 INFO o.a.j.JMeter: os.name=Linux
2025-08-19 18:31:44,479 INFO o.a.j.JMeter: os.arch=amd64
2025-08-19 18:31:44,479 INFO o.a.j.JMeter: os.version=5.15.0-76-generic
2025-08-19 18:31:44,479 INFO o.a.j.JMeter: file.encoding=UTF-8
2025-08-19 18:31:44,479 INFO o.a.j.JMeter: java.awt.headless=true
2025-08-19 18:31:44,479 INFO o.a.j.JMeter: Max memory     =36775657472
2025-08-19 18:31:44,479 INFO o.a.j.JMeter: Available Processors =8
2025-08-19 18:31:44,492 INFO o.a.j.JMeter: Default Locale=English (EN)
2025-08-19 18:31:44,493 INFO o.a.j.JMeter: JMeter  Locale=English (EN)
2025-08-19 18:31:44,493 INFO o.a.j.JMeter: JMeterHome=/opt/apache-jmeter-5.5
2025-08-19 18:31:44,493 INFO o.a.j.JMeter: user.dir  =/data
2025-08-19 18:31:44,493 INFO o.a.j.JMeter: PWD       =/data
2025-08-19 18:31:44,494 INFO o.a.j.JMeter: IP: 172.17.0.2 Name: 2a9c68d1698d FullName: 2a9c68d1698d
2025-08-19 18:31:44,534 INFO o.a.j.JMeter: Setting property 'jmeter.reportgenerator.outputdir' to:'/data/reports/20250819_163141_b9fea1fd'
2025-08-19 18:31:44,538 INFO o.a.j.s.FileServer: Default base='/data'
2025-08-19 18:31:44,539 INFO o.a.j.s.FileServer: Set new base='/data/results/20250819_163141_b9fea1fd'
2025-08-19 18:31:44,826 INFO o.a.j.s.SaveService: Testplan (JMX) version: 2.2. Testlog (JTL) version: 2.2
2025-08-19 18:31:44,888 INFO o.a.j.s.SaveService: Using SaveService properties file encoding UTF-8
2025-08-19 18:31:44,895 INFO o.a.j.s.SaveService: Using SaveService properties version 5.0
2025-08-19 18:31:44,905 INFO o.a.j.s.SaveService: Loading file: /data/results/20250819_163141_b9fea1fd/plan.runtime.jmx
2025-08-19 18:31:44,998 INFO o.a.j.p.h.s.HTTPSamplerBase: Parser for text/html is org.apache.jmeter.protocol.http.parser.LagartoBasedHtmlParser
2025-08-19 18:31:44,999 INFO o.a.j.p.h.s.HTTPSamplerBase: Parser for application/xhtml+xml is org.apache.jmeter.protocol.http.parser.LagartoBasedHtmlParser
2025-08-19 18:31:45,001 INFO o.a.j.p.h.s.HTTPSamplerBase: Parser for application/xml is org.apache.jmeter.protocol.http.parser.LagartoBasedHtmlParser
2025-08-19 18:31:45,001 INFO o.a.j.p.h.s.HTTPSamplerBase: Parser for text/xml is org.apache.jmeter.protocol.http.parser.LagartoBasedHtmlParser
2025-08-19 18:31:45,001 INFO o.a.j.p.h.s.HTTPSamplerBase: Parser for text/vnd.wap.wml is org.apache.jmeter.protocol.http.parser.RegexpHTMLParser
2025-08-19 18:31:45,001 INFO o.a.j.p.h.s.HTTPSamplerBase: Parser for text/css is org.apache.jmeter.protocol.http.parser.CssParser
2025-08-19 18:31:45,960 INFO o.a.j.JMeter: Creating summariser <summary>
2025-08-19 18:31:45,968 INFO o.a.j.r.d.ReportGenerator: ReportGenerator will use for Parsing the separator: ','
2025-08-19 18:31:45,969 INFO o.a.j.r.d.ReportGenerator: Will generate report at end of test from  results file: /data/results/20250819_163141_b9fea1fd/results.jtl
2025-08-19 18:31:45,969 INFO o.a.j.r.d.ReportGenerator: Reading report generator properties from: /opt/apache-jmeter-5.5/bin/reportgenerator.properties
2025-08-19 18:31:45,969 INFO o.a.j.r.d.ReportGenerator: Merging with JMeter properties
2025-08-19 18:31:45,976 INFO o.a.j.r.c.ReportGeneratorConfiguration: Property 'jmeter.reportgenerator.temp_dir' not found, using default value 'temp' instead.
2025-08-19 18:31:45,980 INFO o.a.j.r.c.ReportGeneratorConfiguration: Property 'jmeter.reportgenerator.apdex_per_transaction' not found, using default value 'null' instead.
2025-08-19 18:31:45,980 INFO o.a.j.r.c.ReportGeneratorConfiguration: apdex_per_transaction is empty, not APDEX per transaction customization
2025-08-19 18:31:45,981 INFO o.a.j.r.c.ReportGeneratorConfiguration: Property 'jmeter.reportgenerator.sample_filter' not found, using default value 'null' instead.
2025-08-19 18:31:45,981 INFO o.a.j.r.c.ReportGeneratorConfiguration: Property 'jmeter.reportgenerator.report_title' not found, using default value 'null' instead.
2025-08-19 18:31:45,981 INFO o.a.j.r.c.ReportGeneratorConfiguration: Property 'jmeter.reportgenerator.start_date' not found, using default value 'null' instead.
2025-08-19 18:31:45,981 INFO o.a.j.r.c.ReportGeneratorConfiguration: Property 'jmeter.reportgenerator.end_date' not found, using default value 'null' instead.
2025-08-19 18:31:45,981 INFO o.a.j.r.c.ReportGeneratorConfiguration: Property 'jmeter.reportgenerator.date_format' not found, using default value 'null' instead.
2025-08-19 18:31:45,982 INFO o.a.j.r.c.ReportGeneratorConfiguration: Will use date range start date: null, end date: null
2025-08-19 18:31:45,988 INFO o.a.j.r.c.ReportGeneratorConfiguration: Property 'jmeter.reportgenerator.graph.totalTPS.exclude_controllers' not found, using default value 'false' instead.
2025-08-19 18:31:45,988 INFO o.a.j.r.c.ReportGeneratorConfiguration: Property 'jmeter.reportgenerator.graph.activeThreadsOverTime.exclude_controllers' not found, using default value 'false' instead.
2025-08-19 18:31:45,989 INFO o.a.j.r.c.ReportGeneratorConfiguration: Property 'jmeter.reportgenerator.graph.timeVsThreads.exclude_controllers' not found, using default value 'false' instead.
2025-08-19 18:31:45,989 INFO o.a.j.r.c.ReportGeneratorConfiguration: Property 'jmeter.reportgenerator.graph.responseTimeDistribution.exclude_controllers' not found, using default value 'false' instead.
2025-08-19 18:31:45,989 INFO o.a.j.r.c.ReportGeneratorConfiguration: Property 'jmeter.reportgenerator.graph.transactionsPerSecond.exclude_controllers' not found, using default value 'false' instead.
2025-08-19 18:31:45,989 INFO o.a.j.r.c.ReportGeneratorConfiguration: Property 'jmeter.reportgenerator.graph.responseTimePercentiles.exclude_controllers' not found, using default value 'false' instead.
2025-08-19 18:31:45,990 INFO o.a.j.r.c.ReportGeneratorConfiguration: Property 'jmeter.reportgenerator.graph.responseTimePercentilesOverTime.exclude_controllers' not found, using default value 'false' instead.
2025-08-19 18:31:45,990 INFO o.a.j.r.c.ReportGeneratorConfiguration: Property 'jmeter.reportgenerator.graph.responseTimesOverTime.exclude_controllers' not found, using default value 'false' instead.
2025-08-19 18:31:45,991 INFO o.a.j.r.c.ReportGeneratorConfiguration: Property 'jmeter.reportgenerator.graph.connectTimeOverTime.exclude_controllers' not found, using default value 'false' instead.
2025-08-19 18:31:45,997 INFO o.a.j.r.c.ReportGeneratorConfiguration: Property 'jmeter.reportgenerator.graph.latenciesOverTime.exclude_controllers' not found, using default value 'false' instead.
2025-08-19 18:31:45,999 INFO o.a.j.r.c.ReportGeneratorConfiguration: Property 'jmeter.reportgenerator.exporter.json.filters_only_sample_series' not found, using default value 'true' instead.
2025-08-19 18:31:45,999 INFO o.a.j.r.c.ReportGeneratorConfiguration: Property 'jmeter.reportgenerator.exporter.json.series_filter' not found, using default value '' instead.
2025-08-19 18:31:45,999 INFO o.a.j.r.c.ReportGeneratorConfiguration: Property 'jmeter.reportgenerator.exporter.json.show_controllers_only' not found, using default value 'false' instead.
2025-08-19 18:31:46,002 INFO o.a.j.r.c.ReportGeneratorConfiguration: Property 'jmeter.reportgenerator.exporter.html.filters_only_sample_series' not found, using default value 'true' instead.
2025-08-19 18:31:46,002 INFO o.a.j.r.c.ReportGeneratorConfiguration: Property 'jmeter.reportgenerator.exporter.html.series_filter' not found, using default value '' instead.
2025-08-19 18:31:46,002 INFO o.a.j.r.c.ReportGeneratorConfiguration: Property 'jmeter.reportgenerator.exporter.html.show_controllers_only' not found, using default value 'false' instead.
2025-08-19 18:31:46,026 INFO o.a.j.e.StandardJMeterEngine: Running the test!
2025-08-19 18:31:46,031 INFO o.a.j.s.SampleEvent: List of sample_variables: []
2025-08-19 18:31:46,031 INFO o.a.j.s.SampleEvent: List of sample_variables: []
2025-08-19 18:31:46,075 INFO o.a.j.e.u.CompoundVariable: Note: Function class names must contain the string: '.functions.'
2025-08-19 18:31:46,076 INFO o.a.j.e.u.CompoundVariable: Note: Function class names must not contain the string: '.gui.'
2025-08-19 18:31:46,822 INFO o.a.j.JMeter: Running test (1755621106822)
2025-08-19 18:31:47,141 INFO o.a.j.e.StandardJMeterEngine: Starting ThreadGroup: 1 : Thread Group
2025-08-19 18:31:47,141 INFO o.a.j.e.StandardJMeterEngine: Starting 5 threads for group Thread Group.
2025-08-19 18:31:47,141 INFO o.a.j.e.StandardJMeterEngine: Thread will continue on error
2025-08-19 18:31:47,141 INFO o.a.j.t.ThreadGroup: Starting thread group... number=1 threads=5 ramp-up=10 delayedStart=false
2025-08-19 18:31:47,196 INFO o.a.j.t.ThreadGroup: Started thread group number 1
2025-08-19 18:31:47,202 INFO o.a.j.e.StandardJMeterEngine: All thread groups have been started
2025-08-19 18:31:47,218 INFO o.a.j.t.JMeterThread: Thread started: Thread Group 1-1
2025-08-19 18:31:47,335 INFO o.a.j.p.h.s.HTTPHCAbstractImpl: Local host = 2a9c68d1698d
2025-08-19 18:31:47,346 INFO o.a.j.p.h.s.HTTPHC4Impl: HTTP request retry count = 0
2025-08-19 18:31:47,350 INFO o.a.j.s.SampleResult: Note: Sample TimeStamps are START times
2025-08-19 18:31:47,350 INFO o.a.j.s.SampleResult: sampleresult.default.encoding is set to ISO-8859-1
2025-08-19 18:31:47,354 INFO o.a.j.s.SampleResult: sampleresult.useNanoTime=true
2025-08-19 18:31:47,354 INFO o.a.j.s.SampleResult: sampleresult.nanoThreadSleep=5000
2025-08-19 18:31:49,214 INFO o.a.j.t.JMeterThread: Thread started: Thread Group 1-2
2025-08-19 18:31:51,207 INFO o.a.j.t.JMeterThread: Thread started: Thread Group 1-3
2025-08-19 18:31:53,196 INFO o.a.j.t.JMeterThread: Thread started: Thread Group 1-4
2025-08-19 18:31:55,190 INFO o.a.j.t.JMeterThread: Thread started: Thread Group 1-5
2025-08-19 18:32:00,182 INFO o.a.j.r.Summariser: summary +    120 in 00:00:13 =    9.0/s Avg:   291 Min:     8 Max:  1678 Err:     0 (0.00%) Active: 5 Started: 5 Finished: 0
2025-08-19 18:32:30,038 INFO o.a.j.r.Summariser: summary +    378 in 00:00:30 =   12.7/s Avg:   331 Min:     7 Max:  1437 Err:     0 (0.00%) Active: 5 Started: 5 Finished: 0
2025-08-19 18:32:30,038 INFO o.a.j.r.Summariser: summary =    498 in 00:00:43 =   11.5/s Avg:   322 Min:     7 Max:  1678 Err:     0 (0.00%)
2025-08-19 18:33:00,440 INFO o.a.j.r.Summariser: summary +    374 in 00:00:30 =   12.3/s Avg:   344 Min:     7 Max:  1479 Err:     0 (0.00%) Active: 5 Started: 5 Finished: 0
2025-08-19 18:33:00,441 INFO o.a.j.r.Summariser: summary =    872 in 00:01:14 =   11.8/s Avg:   331 Min:     7 Max:  1678 Err:     0 (0.00%)
2025-08-19 18:33:30,122 INFO o.a.j.r.Summariser: summary +    370 in 00:00:30 =   12.5/s Avg:   344 Min:     6 Max:  1385 Err:     0 (0.00%) Active: 5 Started: 5 Finished: 0
2025-08-19 18:33:30,123 INFO o.a.j.r.Summariser: summary =   1242 in 00:01:43 =   12.0/s Avg:   335 Min:     6 Max:  1678 Err:     0 (0.00%)
2025-08-19 18:34:00,016 INFO o.a.j.r.Summariser: summary +    377 in 00:00:30 =   12.6/s Avg:   338 Min:     7 Max:  1570 Err:     0 (0.00%) Active: 5 Started: 5 Finished: 0
2025-08-19 18:34:00,016 INFO o.a.j.r.Summariser: summary =   1619 in 00:02:13 =   12.2/s Avg:   336 Min:     6 Max:  1678 Err:     0 (0.00%)
2025-08-19 18:34:30,046 INFO o.a.j.r.Summariser: summary +    367 in 00:00:30 =   12.2/s Avg:   341 Min:     6 Max:  1829 Err:     0 (0.00%) Active: 5 Started: 5 Finished: 0
2025-08-19 18:34:30,046 INFO o.a.j.r.Summariser: summary =   1986 in 00:02:43 =   12.2/s Avg:   337 Min:     6 Max:  1829 Err:     0 (0.00%)
2025-08-19 18:34:47,107 INFO o.a.j.t.JMeterThread: Thread finished: Thread Group 1-2
2025-08-19 18:34:47,413 INFO o.a.j.t.JMeterThread: Stopping because end time detected by thread: Thread Group 1-4
2025-08-19 18:34:47,414 INFO o.a.j.t.JMeterThread: Thread finished: Thread Group 1-4
2025-08-19 18:34:47,477 INFO o.a.j.t.JMeterThread: Stopping because end time detected by thread: Thread Group 1-1
2025-08-19 18:34:47,478 INFO o.a.j.t.JMeterThread: Thread finished: Thread Group 1-1
2025-08-19 18:34:47,598 INFO o.a.j.t.JMeterThread: Stopping because end time detected by thread: Thread Group 1-3
2025-08-19 18:34:47,599 INFO o.a.j.t.JMeterThread: Thread finished: Thread Group 1-3
2025-08-19 18:34:47,945 INFO o.a.j.t.JMeterThread: Stopping because end time detected by thread: Thread Group 1-5
2025-08-19 18:34:47,946 INFO o.a.j.t.JMeterThread: Thread finished: Thread Group 1-5
2025-08-19 18:34:47,947 INFO o.a.j.e.StandardJMeterEngine: Notifying test listeners of end of test
2025-08-19 18:34:47,947 INFO o.a.j.r.Summariser: summary +    216 in 00:00:18 =   12.1/s Avg:   359 Min:     7 Max:  1383 Err:     0 (0.00%) Active: 0 Started: 5 Finished: 5
2025-08-19 18:34:47,948 INFO o.a.j.r.Summariser: summary =   2202 in 00:03:01 =   12.2/s Avg:   339 Min:     6 Max:  1829 Err:     0 (0.00%)
2025-08-19 18:34:47,948 INFO o.a.j.JMeter: Generating Dashboard
2025-08-19 18:34:47,949 INFO o.a.j.r.d.ReportGenerator: Flushing result collector before report Generation
2025-08-19 18:34:47,965 INFO o.a.j.r.p.NormalizerSampleConsumer: Using format, 'ms', to parse timeStamp field
2025-08-19 18:34:48,478 INFO o.a.j.r.p.AbstractSampleConsumer: class org.apache.jmeter.report.processor.AggregateConsumer#stopProducing(): beginDate produced 0 samples
2025-08-19 18:34:48,479 INFO o.a.j.r.p.AbstractSampleConsumer: class org.apache.jmeter.report.processor.AggregateConsumer#stopProducing(): endDate produced 0 samples
2025-08-19 18:34:48,485 INFO o.a.j.r.p.AbstractSampleConsumer: class org.apache.jmeter.report.processor.ApdexSummaryConsumer#stopProducing(): apdexSummary produced 0 samples
2025-08-19 18:34:48,488 INFO o.a.j.r.p.AbstractSampleConsumer: class org.apache.jmeter.report.processor.RequestsSummaryConsumer#stopProducing(): requestsSummary produced 0 samples
2025-08-19 18:34:48,508 INFO o.a.j.r.p.AbstractSampleConsumer: class org.apache.jmeter.report.processor.StatisticsSummaryConsumer#stopProducing(): statisticsSummary produced 0 samples
2025-08-19 18:34:48,520 INFO o.a.j.r.p.AbstractSampleConsumer: class org.apache.jmeter.report.processor.Top5ErrorsBySamplerConsumer#stopProducing(): top5ErrorsBySampler produced 0 samples
2025-08-19 18:34:48,521 INFO o.a.j.r.p.AbstractSampleConsumer: class org.apache.jmeter.report.processor.ErrorsSummaryConsumer#stopProducing(): errorsSummary produced 0 samples
2025-08-19 18:34:48,521 INFO o.a.j.r.p.AbstractSampleConsumer: class org.apache.jmeter.report.processor.graph.impl.HitsPerSecondGraphConsumer#stopProducing(): hitsPerSecond produced 0 samples
2025-08-19 18:34:48,659 INFO o.a.j.r.p.AbstractSampleConsumer: class org.apache.jmeter.report.processor.graph.impl.LatencyVSRequestGraphConsumer#stopProducing(): latencyVsRequest produced 0 samples
2025-08-19 18:34:48,662 INFO o.a.j.r.p.AbstractSampleConsumer: class org.apache.jmeter.report.processor.graph.impl.SyntheticResponseTimeDistributionGraphConsumer#stopProducing(): syntheticResponseTimeDistribution produced 0 samples
2025-08-19 18:34:48,663 INFO o.a.j.r.p.AbstractSampleConsumer: class org.apache.jmeter.report.processor.graph.impl.BytesThroughputGraphConsumer#stopProducing(): bytesThroughputOverTime produced 0 samples
2025-08-19 18:34:48,663 INFO o.a.j.r.p.AbstractSampleConsumer: class org.apache.jmeter.report.processor.graph.impl.CodesPerSecondGraphConsumer#stopProducing(): codesPerSecond produced 0 samples
2025-08-19 18:34:48,701 INFO o.a.j.r.p.AbstractSampleConsumer: class org.apache.jmeter.report.processor.graph.impl.ResponseTimeVSRequestGraphConsumer#stopProducing(): responseTimeVsRequest produced 0 samples
2025-08-19 18:34:48,710 INFO o.a.j.r.p.AbstractSampleConsumer: class org.apache.jmeter.report.processor.FilterConsumer#stopProducing(): startIntervalControlerFilter produced 15414 samples
2025-08-19 18:34:48,710 INFO o.a.j.r.p.AbstractSampleConsumer: class org.apache.jmeter.report.processor.graph.impl.TotalTPSGraphConsumer#stopProducing(): totalTPS produced 0 samples
2025-08-19 18:34:48,710 INFO o.a.j.r.p.AbstractSampleConsumer: class org.apache.jmeter.report.processor.graph.impl.ActiveThreadsGraphConsumer#stopProducing(): activeThreadsOverTime produced 0 samples
2025-08-19 18:34:48,711 INFO o.a.j.r.p.AbstractSampleConsumer: class org.apache.jmeter.report.processor.graph.impl.TimeVSThreadGraphConsumer#stopProducing(): timeVsThreads produced 0 samples
2025-08-19 18:34:48,724 INFO o.a.j.r.p.AbstractSampleConsumer: class org.apache.jmeter.report.processor.graph.impl.ResponseTimeDistributionGraphConsumer#stopProducing(): responseTimeDistribution produced 0 samples
2025-08-19 18:34:48,736 INFO o.a.j.r.p.AbstractSampleConsumer: class org.apache.jmeter.report.processor.graph.impl.TransactionsPerSecondGraphConsumer#stopProducing(): transactionsPerSecond produced 0 samples
2025-08-19 18:34:48,737 INFO o.a.j.r.p.AbstractSampleConsumer: class org.apache.jmeter.report.processor.graph.impl.ResponseTimePercentilesGraphConsumer#stopProducing(): responseTimePercentiles produced 0 samples
2025-08-19 18:34:48,763 INFO o.a.j.r.p.AbstractSampleConsumer: class org.apache.jmeter.report.processor.graph.impl.ResponseTimePercentilesOverTimeGraphConsumer#stopProducing(): responseTimePercentilesOverTime produced 0 samples
2025-08-19 18:34:48,771 INFO o.a.j.r.p.AbstractSampleConsumer: class org.apache.jmeter.report.processor.graph.impl.ResponseTimeOverTimeGraphConsumer#stopProducing(): responseTimesOverTime produced 0 samples
2025-08-19 18:34:48,772 INFO o.a.j.r.p.AbstractSampleConsumer: class org.apache.jmeter.report.processor.graph.impl.ConnectTimeOverTimeGraphConsumer#stopProducing(): connectTimeOverTime produced 0 samples
2025-08-19 18:34:48,772 INFO o.a.j.r.p.AbstractSampleConsumer: class org.apache.jmeter.report.processor.graph.impl.LatencyOverTimeGraphConsumer#stopProducing(): latenciesOverTime produced 0 samples
2025-08-19 18:34:48,774 INFO o.a.j.r.p.AbstractSampleConsumer: class org.apache.jmeter.report.processor.FilterConsumer#stopProducing(): nameFilter produced 33030 samples
2025-08-19 18:34:48,774 INFO o.a.j.r.p.AbstractSampleConsumer: class org.apache.jmeter.report.processor.FilterConsumer#stopProducing(): dateRangeFilter produced 6606 samples
2025-08-19 18:34:48,775 INFO o.a.j.r.p.AbstractSampleConsumer: class org.apache.jmeter.report.processor.NormalizerSampleConsumer#stopProducing(): normalizer produced 2202 samples
2025-08-19 18:34:48,776 INFO o.a.j.r.p.CsvFileSampleSource: produce(): 2202 samples produced in 706ms on channel 0
2025-08-19 18:34:48,776 INFO o.a.j.r.d.ReportGenerator: Exporting data using exporter:'json' of className:'org.apache.jmeter.report.dashboard.JsonExporter'
2025-08-19 18:34:49,069 INFO o.a.j.r.d.JsonExporter: Found data for consumer statisticsSummary in context
2025-08-19 18:34:49,069 INFO o.a.j.r.d.JsonExporter: Creating statistics for overall
2025-08-19 18:34:49,070 INFO o.a.j.r.d.JsonExporter: Creating statistics for other transactions
2025-08-19 18:34:49,071 INFO o.a.j.r.d.JsonExporter: Checking output folder
2025-08-19 18:34:49,071 INFO o.a.j.r.d.JsonExporter: Writing statistics JSON to /data/reports/20250819_163141_b9fea1fd/statistics.json
2025-08-19 18:34:49,182 INFO o.a.j.r.d.ReportGenerator: Exporting data using exporter:'html' of className:'org.apache.jmeter.report.dashboard.HtmlTemplateExporter'
2025-08-19 18:34:49,186 INFO o.a.j.r.d.HtmlTemplateExporter: Will generate dashboard in folder: /data/reports/20250819_163141_b9fea1fd
2025-08-19 18:34:49,820 INFO o.a.j.r.d.HtmlTemplateExporter: Report will be generated in: /data/reports/20250819_163141_b9fea1fd, creating folder structure
2025-08-19 18:34:49,834 INFO o.a.j.r.d.TemplateVisitor: Copying folder from '/opt/apache-jmeter-5.5/bin/report-template' to '/data/reports/20250819_163141_b9fea1fd', got message: /data/reports/20250819_163141_b9fea1fd, found non empty folder with following content [/data/reports/20250819_163141_b9fea1fd/statistics.json], will be ignored
2025-08-19 18:34:50,254 INFO o.a.j.JMeter: Dashboard generated
