2025-08-19 14:40:27,167 INFO o.a.j.u.JMeterUtils: Setting Locale to en_EN
2025-08-19 14:40:27,217 INFO o.a.j.JMeter: Loading user properties from: /opt/apache-jmeter-5.5/bin/user.properties
2025-08-19 14:40:27,217 INFO o.a.j.JMeter: Loading system properties from: /opt/apache-jmeter-5.5/bin/system.properties
2025-08-19 14:40:27,219 INFO o.a.j.JMeter: Setting System property: log4j2.formatMsgNoLookups=true
2025-08-19 14:40:27,219 INFO o.a.j.JMeter: Setting JMeter property: jmeter.save.saveservice.output_format=csv
2025-08-19 14:40:27,219 INFO o.a.j.JMeter: Setting JMeter property: jmeter.save.saveservice.print_field_names=true
2025-08-19 14:40:27,220 INFO o.a.j.JMeter: Setting JMeter property: jmeter.save.saveservice.timestamp_format=ms
2025-08-19 14:40:27,220 INFO o.a.j.JMeter: Setting JMeter property: jmeter.save.saveservice.default_delimiter=,
2025-08-19 14:40:27,220 INFO o.a.j.JMeter: Setting JMeter property: jmeter.save.saveservice.latency=true
2025-08-19 14:40:27,220 INFO o.a.j.JMeter: Setting JMeter property: jmeter.save.saveservice.label=true
2025-08-19 14:40:27,221 INFO o.a.j.JMeter: Setting JMeter property: jmeter.save.saveservice.successful=true
2025-08-19 14:40:27,221 INFO o.a.j.JMeter: Setting JMeter property: jmeter.save.saveservice.thread_counts=true
2025-08-19 14:40:27,221 INFO o.a.j.JMeter: Setting JMeter property: threads=10
2025-08-19 14:40:27,222 INFO o.a.j.JMeter: Setting JMeter property: loops=100
2025-08-19 14:40:27,222 INFO o.a.j.JMeter: Setting JMeter property: rampUp=60
2025-08-19 14:40:27,222 INFO o.a.j.JMeter: Setting JMeter property: duration=3600
2025-08-19 14:40:27,249 INFO o.a.j.JMeter: Copyright (c) 1998-2022 The Apache Software Foundation
2025-08-19 14:40:27,250 INFO o.a.j.JMeter: Version 5.5
2025-08-19 14:40:27,250 INFO o.a.j.JMeter: java.version=1.8.0_275
2025-08-19 14:40:27,250 INFO o.a.j.JMeter: java.vm.name=OpenJDK 64-Bit Server VM
2025-08-19 14:40:27,250 INFO o.a.j.JMeter: os.name=Linux
2025-08-19 14:40:27,250 INFO o.a.j.JMeter: os.arch=amd64
2025-08-19 14:40:27,250 INFO o.a.j.JMeter: os.version=5.15.0-76-generic
2025-08-19 14:40:27,251 INFO o.a.j.JMeter: file.encoding=UTF-8
2025-08-19 14:40:27,251 INFO o.a.j.JMeter: java.awt.headless=true
2025-08-19 14:40:27,251 INFO o.a.j.JMeter: Max memory     =37144756224
2025-08-19 14:40:27,251 INFO o.a.j.JMeter: Available Processors =8
2025-08-19 14:40:27,274 INFO o.a.j.JMeter: Default Locale=English (EN)
2025-08-19 14:40:27,275 INFO o.a.j.JMeter: JMeter  Locale=English (EN)
2025-08-19 14:40:27,275 INFO o.a.j.JMeter: JMeterHome=/opt/apache-jmeter-5.5
2025-08-19 14:40:27,276 INFO o.a.j.JMeter: user.dir  =/data
2025-08-19 14:40:27,276 INFO o.a.j.JMeter: PWD       =/data
2025-08-19 14:40:27,277 INFO o.a.j.JMeter: IP: 172.17.0.2 Name: 773044e3d5ad FullName: 773044e3d5ad
2025-08-19 14:40:27,320 INFO o.a.j.JMeter: Setting property 'jmeter.reportgenerator.outputdir' to:'/data/reports/20250819_124023_e339511c'
2025-08-19 14:40:27,327 INFO o.a.j.s.FileServer: Default base='/data'
2025-08-19 14:40:27,329 INFO o.a.j.s.FileServer: Set new base='/data/uploads/testplans'
2025-08-19 14:40:27,594 INFO o.a.j.s.SaveService: Testplan (JMX) version: 2.2. Testlog (JTL) version: 2.2
2025-08-19 14:40:27,624 INFO o.a.j.s.SaveService: Using SaveService properties file encoding UTF-8
2025-08-19 14:40:27,631 INFO o.a.j.s.SaveService: Using SaveService properties version 5.0
2025-08-19 14:40:27,641 INFO o.a.j.s.SaveService: Loading file: /data/uploads/testplans/tt_1_20250819_084023_f49790cb.jmx
2025-08-19 14:40:27,746 INFO o.a.j.p.h.s.HTTPSamplerBase: Parser for text/html is org.apache.jmeter.protocol.http.parser.LagartoBasedHtmlParser
2025-08-19 14:40:27,747 INFO o.a.j.p.h.s.HTTPSamplerBase: Parser for application/xhtml+xml is org.apache.jmeter.protocol.http.parser.LagartoBasedHtmlParser
2025-08-19 14:40:27,747 INFO o.a.j.p.h.s.HTTPSamplerBase: Parser for application/xml is org.apache.jmeter.protocol.http.parser.LagartoBasedHtmlParser
2025-08-19 14:40:27,747 INFO o.a.j.p.h.s.HTTPSamplerBase: Parser for text/xml is org.apache.jmeter.protocol.http.parser.LagartoBasedHtmlParser
2025-08-19 14:40:27,747 INFO o.a.j.p.h.s.HTTPSamplerBase: Parser for text/vnd.wap.wml is org.apache.jmeter.protocol.http.parser.RegexpHTMLParser
2025-08-19 14:40:27,747 INFO o.a.j.p.h.s.HTTPSamplerBase: Parser for text/css is org.apache.jmeter.protocol.http.parser.CssParser
2025-08-19 14:40:28,758 INFO o.a.j.JMeter: Creating summariser <summary>
2025-08-19 14:40:28,787 INFO o.a.j.r.d.ReportGenerator: ReportGenerator will use for Parsing the separator: ','
2025-08-19 14:40:28,787 INFO o.a.j.r.d.ReportGenerator: Will generate report at end of test from  results file: /data/results/20250819_124023_e339511c/results.jtl
2025-08-19 14:40:28,787 INFO o.a.j.r.d.ReportGenerator: Reading report generator properties from: /opt/apache-jmeter-5.5/bin/reportgenerator.properties
2025-08-19 14:40:28,788 INFO o.a.j.r.d.ReportGenerator: Merging with JMeter properties
2025-08-19 14:40:28,807 INFO o.a.j.r.c.ReportGeneratorConfiguration: Property 'jmeter.reportgenerator.temp_dir' not found, using default value 'temp' instead.
2025-08-19 14:40:28,811 INFO o.a.j.r.c.ReportGeneratorConfiguration: Property 'jmeter.reportgenerator.apdex_per_transaction' not found, using default value 'null' instead.
2025-08-19 14:40:28,811 INFO o.a.j.r.c.ReportGeneratorConfiguration: apdex_per_transaction is empty, not APDEX per transaction customization
2025-08-19 14:40:28,811 INFO o.a.j.r.c.ReportGeneratorConfiguration: Property 'jmeter.reportgenerator.sample_filter' not found, using default value 'null' instead.
2025-08-19 14:40:28,811 INFO o.a.j.r.c.ReportGeneratorConfiguration: Property 'jmeter.reportgenerator.report_title' not found, using default value 'null' instead.
2025-08-19 14:40:28,811 INFO o.a.j.r.c.ReportGeneratorConfiguration: Property 'jmeter.reportgenerator.start_date' not found, using default value 'null' instead.
2025-08-19 14:40:28,812 INFO o.a.j.r.c.ReportGeneratorConfiguration: Property 'jmeter.reportgenerator.end_date' not found, using default value 'null' instead.
2025-08-19 14:40:28,812 INFO o.a.j.r.c.ReportGeneratorConfiguration: Property 'jmeter.reportgenerator.date_format' not found, using default value 'null' instead.
2025-08-19 14:40:28,812 INFO o.a.j.r.c.ReportGeneratorConfiguration: Will use date range start date: null, end date: null
2025-08-19 14:40:28,829 INFO o.a.j.r.c.ReportGeneratorConfiguration: Property 'jmeter.reportgenerator.graph.totalTPS.exclude_controllers' not found, using default value 'false' instead.
2025-08-19 14:40:28,830 INFO o.a.j.r.c.ReportGeneratorConfiguration: Property 'jmeter.reportgenerator.graph.activeThreadsOverTime.exclude_controllers' not found, using default value 'false' instead.
2025-08-19 14:40:28,830 INFO o.a.j.r.c.ReportGeneratorConfiguration: Property 'jmeter.reportgenerator.graph.timeVsThreads.exclude_controllers' not found, using default value 'false' instead.
2025-08-19 14:40:28,830 INFO o.a.j.r.c.ReportGeneratorConfiguration: Property 'jmeter.reportgenerator.graph.responseTimeDistribution.exclude_controllers' not found, using default value 'false' instead.
2025-08-19 14:40:28,830 INFO o.a.j.r.c.ReportGeneratorConfiguration: Property 'jmeter.reportgenerator.graph.transactionsPerSecond.exclude_controllers' not found, using default value 'false' instead.
2025-08-19 14:40:28,830 INFO o.a.j.r.c.ReportGeneratorConfiguration: Property 'jmeter.reportgenerator.graph.responseTimePercentiles.exclude_controllers' not found, using default value 'false' instead.
2025-08-19 14:40:28,830 INFO o.a.j.r.c.ReportGeneratorConfiguration: Property 'jmeter.reportgenerator.graph.responseTimePercentilesOverTime.exclude_controllers' not found, using default value 'false' instead.
2025-08-19 14:40:28,831 INFO o.a.j.r.c.ReportGeneratorConfiguration: Property 'jmeter.reportgenerator.graph.responseTimesOverTime.exclude_controllers' not found, using default value 'false' instead.
2025-08-19 14:40:28,831 INFO o.a.j.r.c.ReportGeneratorConfiguration: Property 'jmeter.reportgenerator.graph.connectTimeOverTime.exclude_controllers' not found, using default value 'false' instead.
2025-08-19 14:40:28,831 INFO o.a.j.r.c.ReportGeneratorConfiguration: Property 'jmeter.reportgenerator.graph.latenciesOverTime.exclude_controllers' not found, using default value 'false' instead.
2025-08-19 14:40:28,833 INFO o.a.j.r.c.ReportGeneratorConfiguration: Property 'jmeter.reportgenerator.exporter.json.filters_only_sample_series' not found, using default value 'true' instead.
2025-08-19 14:40:28,833 INFO o.a.j.r.c.ReportGeneratorConfiguration: Property 'jmeter.reportgenerator.exporter.json.series_filter' not found, using default value '' instead.
2025-08-19 14:40:28,833 INFO o.a.j.r.c.ReportGeneratorConfiguration: Property 'jmeter.reportgenerator.exporter.json.show_controllers_only' not found, using default value 'false' instead.
2025-08-19 14:40:28,833 INFO o.a.j.r.c.ReportGeneratorConfiguration: Property 'jmeter.reportgenerator.exporter.html.filters_only_sample_series' not found, using default value 'true' instead.
2025-08-19 14:40:28,833 INFO o.a.j.r.c.ReportGeneratorConfiguration: Property 'jmeter.reportgenerator.exporter.html.series_filter' not found, using default value '' instead.
2025-08-19 14:40:28,833 INFO o.a.j.r.c.ReportGeneratorConfiguration: Property 'jmeter.reportgenerator.exporter.html.show_controllers_only' not found, using default value 'false' instead.
2025-08-19 14:40:28,864 INFO o.a.j.e.StandardJMeterEngine: Running the test!
2025-08-19 14:40:28,865 INFO o.a.j.s.SampleEvent: List of sample_variables: []
2025-08-19 14:40:28,865 INFO o.a.j.s.SampleEvent: List of sample_variables: []
2025-08-19 14:40:28,893 INFO o.a.j.e.u.CompoundVariable: Note: Function class names must contain the string: '.functions.'
2025-08-19 14:40:28,893 INFO o.a.j.e.u.CompoundVariable: Note: Function class names must not contain the string: '.gui.'
2025-08-19 14:40:29,654 INFO o.a.j.JMeter: Running test (1755607229654)
2025-08-19 14:40:29,927 INFO o.a.j.e.StandardJMeterEngine: Starting ThreadGroup: 1 : Thread Group
2025-08-19 14:40:29,927 INFO o.a.j.e.StandardJMeterEngine: Starting 5 threads for group Thread Group.
2025-08-19 14:40:29,927 INFO o.a.j.e.StandardJMeterEngine: Thread will continue on error
2025-08-19 14:40:29,927 INFO o.a.j.t.ThreadGroup: Starting thread group... number=1 threads=5 ramp-up=10 delayedStart=false
2025-08-19 14:40:29,967 INFO o.a.j.t.JMeterThread: Thread started: Thread Group 1-1
2025-08-19 14:40:29,976 INFO o.a.j.t.ThreadGroup: Started thread group number 1
2025-08-19 14:40:29,976 INFO o.a.j.e.StandardJMeterEngine: All thread groups have been started
2025-08-19 14:40:30,118 INFO o.a.j.p.h.s.HTTPHCAbstractImpl: Local host = 773044e3d5ad
2025-08-19 14:40:30,139 INFO o.a.j.p.h.s.HTTPHC4Impl: HTTP request retry count = 0
2025-08-19 14:40:30,147 INFO o.a.j.s.SampleResult: Note: Sample TimeStamps are START times
2025-08-19 14:40:30,147 INFO o.a.j.s.SampleResult: sampleresult.default.encoding is set to ISO-8859-1
2025-08-19 14:40:30,147 INFO o.a.j.s.SampleResult: sampleresult.useNanoTime=true
2025-08-19 14:40:30,147 INFO o.a.j.s.SampleResult: sampleresult.nanoThreadSleep=5000
2025-08-19 14:40:30,821 INFO o.a.j.r.Summariser: summary +      1 in 00:00:01 =    0.9/s Avg:   251 Min:   251 Max:   251 Err:     0 (0.00%) Active: 1 Started: 1 Finished: 0
2025-08-19 14:40:31,953 INFO o.a.j.t.JMeterThread: Thread started: Thread Group 1-2
2025-08-19 14:40:33,942 INFO o.a.j.t.JMeterThread: Thread started: Thread Group 1-3
2025-08-19 14:40:35,941 INFO o.a.j.t.JMeterThread: Thread started: Thread Group 1-4
2025-08-19 14:40:37,956 INFO o.a.j.t.JMeterThread: Thread started: Thread Group 1-5
2025-08-19 14:41:00,040 INFO o.a.j.r.Summariser: summary +    348 in 00:00:29 =   11.9/s Avg:   308 Min:     8 Max:  1352 Err:     0 (0.00%) Active: 5 Started: 5 Finished: 0
2025-08-19 14:41:00,041 INFO o.a.j.r.Summariser: summary =    349 in 00:00:30 =   11.5/s Avg:   308 Min:     8 Max:  1352 Err:     0 (0.00%)
