2025-08-19 11:19:09,428 INFO o.a.j.u.JMeterUtils: Setting Locale to en_EN
2025-08-19 11:19:09,501 INFO o.a.j.JMeter: Loading user properties from: /opt/apache-jmeter-5.5/bin/user.properties
2025-08-19 11:19:09,502 INFO o.a.j.JMeter: Loading system properties from: /opt/apache-jmeter-5.5/bin/system.properties
2025-08-19 11:19:09,502 INFO o.a.j.JMeter: Setting System property: log4j2.formatMsgNoLookups=true
2025-08-19 11:19:09,503 INFO o.a.j.JMeter: Setting JMeter property: jmeter.save.saveservice.output_format=csv
2025-08-19 11:19:09,503 INFO o.a.j.JMeter: Setting JMeter property: jmeter.save.saveservice.print_field_names=true
2025-08-19 11:19:09,503 INFO o.a.j.JMeter: Setting JMeter property: jmeter.save.saveservice.timestamp_format=ms
2025-08-19 11:19:09,503 INFO o.a.j.JMeter: Setting JMeter property: threads=10
2025-08-19 11:19:09,503 INFO o.a.j.JMeter: Setting JMeter property: loops=100
2025-08-19 11:19:09,503 INFO o.a.j.JMeter: Setting JMeter property: rampUp=60
2025-08-19 11:19:09,503 INFO o.a.j.JMeter: Setting JMeter property: duration=3600
2025-08-19 11:19:09,514 INFO o.a.j.JMeter: Copyright (c) 1998-2022 The Apache Software Foundation
2025-08-19 11:19:09,514 INFO o.a.j.JMeter: Version 5.5
2025-08-19 11:19:09,515 INFO o.a.j.JMeter: java.version=1.8.0_275
2025-08-19 11:19:09,515 INFO o.a.j.JMeter: java.vm.name=OpenJDK 64-Bit Server VM
2025-08-19 11:19:09,515 INFO o.a.j.JMeter: os.name=Linux
2025-08-19 11:19:09,515 INFO o.a.j.JMeter: os.arch=amd64
2025-08-19 11:19:09,515 INFO o.a.j.JMeter: os.version=5.15.0-76-generic
2025-08-19 11:19:09,515 INFO o.a.j.JMeter: file.encoding=UTF-8
2025-08-19 11:19:09,516 INFO o.a.j.JMeter: java.awt.headless=true
2025-08-19 11:19:09,516 INFO o.a.j.JMeter: Max memory     =37262196736
2025-08-19 11:19:09,516 INFO o.a.j.JMeter: Available Processors =8
2025-08-19 11:19:09,526 INFO o.a.j.JMeter: Default Locale=English (EN)
2025-08-19 11:19:09,526 INFO o.a.j.JMeter: JMeter  Locale=English (EN)
2025-08-19 11:19:09,527 INFO o.a.j.JMeter: JMeterHome=/opt/apache-jmeter-5.5
2025-08-19 11:19:09,527 INFO o.a.j.JMeter: user.dir  =/data
2025-08-19 11:19:09,527 INFO o.a.j.JMeter: PWD       =/data
2025-08-19 11:19:09,527 INFO o.a.j.JMeter: IP: 172.17.0.2 Name: e0357c3b8c7d FullName: e0357c3b8c7d
2025-08-19 11:19:09,587 INFO o.a.j.JMeter: Setting property 'jmeter.reportgenerator.outputdir' to:'/data/reports/20250819_091905_372b2db0'
2025-08-19 11:19:09,595 INFO o.a.j.s.FileServer: Default base='/data'
2025-08-19 11:19:09,596 INFO o.a.j.s.FileServer: Set new base='/data/uploads/testplans'
2025-08-19 11:19:09,947 INFO o.a.j.s.SaveService: Testplan (JMX) version: 2.2. Testlog (JTL) version: 2.2
2025-08-19 11:19:09,986 INFO o.a.j.s.SaveService: Using SaveService properties file encoding UTF-8
2025-08-19 11:19:09,993 INFO o.a.j.s.SaveService: Using SaveService properties version 5.0
2025-08-19 11:19:10,010 INFO o.a.j.s.SaveService: Loading file: /data/uploads/testplans/tt_1_20250819_084023_f49790cb.jmx
2025-08-19 11:19:10,095 INFO o.a.j.p.h.s.HTTPSamplerBase: Parser for text/html is org.apache.jmeter.protocol.http.parser.LagartoBasedHtmlParser
2025-08-19 11:19:10,095 INFO o.a.j.p.h.s.HTTPSamplerBase: Parser for application/xhtml+xml is org.apache.jmeter.protocol.http.parser.LagartoBasedHtmlParser
2025-08-19 11:19:10,096 INFO o.a.j.p.h.s.HTTPSamplerBase: Parser for application/xml is org.apache.jmeter.protocol.http.parser.LagartoBasedHtmlParser
2025-08-19 11:19:10,096 INFO o.a.j.p.h.s.HTTPSamplerBase: Parser for text/xml is org.apache.jmeter.protocol.http.parser.LagartoBasedHtmlParser
2025-08-19 11:19:10,096 INFO o.a.j.p.h.s.HTTPSamplerBase: Parser for text/vnd.wap.wml is org.apache.jmeter.protocol.http.parser.RegexpHTMLParser
2025-08-19 11:19:10,096 INFO o.a.j.p.h.s.HTTPSamplerBase: Parser for text/css is org.apache.jmeter.protocol.http.parser.CssParser
2025-08-19 11:19:11,092 INFO o.a.j.JMeter: Creating summariser <summary>
2025-08-19 11:19:11,100 INFO o.a.j.r.d.ReportGenerator: ReportGenerator will use for Parsing the separator: ','
2025-08-19 11:19:11,100 INFO o.a.j.r.d.ReportGenerator: Will generate report at end of test from  results file: /data/results/20250819_091905_372b2db0/results.jtl
2025-08-19 11:19:11,100 INFO o.a.j.r.d.ReportGenerator: Reading report generator properties from: /opt/apache-jmeter-5.5/bin/reportgenerator.properties
2025-08-19 11:19:11,112 INFO o.a.j.r.d.ReportGenerator: Merging with JMeter properties
2025-08-19 11:19:11,119 INFO o.a.j.r.c.ReportGeneratorConfiguration: Property 'jmeter.reportgenerator.temp_dir' not found, using default value 'temp' instead.
2025-08-19 11:19:11,123 INFO o.a.j.r.c.ReportGeneratorConfiguration: Property 'jmeter.reportgenerator.apdex_per_transaction' not found, using default value 'null' instead.
2025-08-19 11:19:11,123 INFO o.a.j.r.c.ReportGeneratorConfiguration: apdex_per_transaction is empty, not APDEX per transaction customization
2025-08-19 11:19:11,124 INFO o.a.j.r.c.ReportGeneratorConfiguration: Property 'jmeter.reportgenerator.sample_filter' not found, using default value 'null' instead.
2025-08-19 11:19:11,124 INFO o.a.j.r.c.ReportGeneratorConfiguration: Property 'jmeter.reportgenerator.report_title' not found, using default value 'null' instead.
2025-08-19 11:19:11,124 INFO o.a.j.r.c.ReportGeneratorConfiguration: Property 'jmeter.reportgenerator.start_date' not found, using default value 'null' instead.
2025-08-19 11:19:11,124 INFO o.a.j.r.c.ReportGeneratorConfiguration: Property 'jmeter.reportgenerator.end_date' not found, using default value 'null' instead.
2025-08-19 11:19:11,124 INFO o.a.j.r.c.ReportGeneratorConfiguration: Property 'jmeter.reportgenerator.date_format' not found, using default value 'null' instead.
2025-08-19 11:19:11,125 INFO o.a.j.r.c.ReportGeneratorConfiguration: Will use date range start date: null, end date: null
2025-08-19 11:19:11,132 INFO o.a.j.r.c.ReportGeneratorConfiguration: Property 'jmeter.reportgenerator.graph.totalTPS.exclude_controllers' not found, using default value 'false' instead.
2025-08-19 11:19:11,132 INFO o.a.j.r.c.ReportGeneratorConfiguration: Property 'jmeter.reportgenerator.graph.activeThreadsOverTime.exclude_controllers' not found, using default value 'false' instead.
2025-08-19 11:19:11,132 INFO o.a.j.r.c.ReportGeneratorConfiguration: Property 'jmeter.reportgenerator.graph.timeVsThreads.exclude_controllers' not found, using default value 'false' instead.
2025-08-19 11:19:11,133 INFO o.a.j.r.c.ReportGeneratorConfiguration: Property 'jmeter.reportgenerator.graph.responseTimeDistribution.exclude_controllers' not found, using default value 'false' instead.
2025-08-19 11:19:11,133 INFO o.a.j.r.c.ReportGeneratorConfiguration: Property 'jmeter.reportgenerator.graph.transactionsPerSecond.exclude_controllers' not found, using default value 'false' instead.
2025-08-19 11:19:11,133 INFO o.a.j.r.c.ReportGeneratorConfiguration: Property 'jmeter.reportgenerator.graph.responseTimePercentiles.exclude_controllers' not found, using default value 'false' instead.
2025-08-19 11:19:11,134 INFO o.a.j.r.c.ReportGeneratorConfiguration: Property 'jmeter.reportgenerator.graph.responseTimePercentilesOverTime.exclude_controllers' not found, using default value 'false' instead.
2025-08-19 11:19:11,134 INFO o.a.j.r.c.ReportGeneratorConfiguration: Property 'jmeter.reportgenerator.graph.responseTimesOverTime.exclude_controllers' not found, using default value 'false' instead.
2025-08-19 11:19:11,134 INFO o.a.j.r.c.ReportGeneratorConfiguration: Property 'jmeter.reportgenerator.graph.connectTimeOverTime.exclude_controllers' not found, using default value 'false' instead.
2025-08-19 11:19:11,135 INFO o.a.j.r.c.ReportGeneratorConfiguration: Property 'jmeter.reportgenerator.graph.latenciesOverTime.exclude_controllers' not found, using default value 'false' instead.
2025-08-19 11:19:11,136 INFO o.a.j.r.c.ReportGeneratorConfiguration: Property 'jmeter.reportgenerator.exporter.json.filters_only_sample_series' not found, using default value 'true' instead.
2025-08-19 11:19:11,136 INFO o.a.j.r.c.ReportGeneratorConfiguration: Property 'jmeter.reportgenerator.exporter.json.series_filter' not found, using default value '' instead.
2025-08-19 11:19:11,136 INFO o.a.j.r.c.ReportGeneratorConfiguration: Property 'jmeter.reportgenerator.exporter.json.show_controllers_only' not found, using default value 'false' instead.
2025-08-19 11:19:11,137 INFO o.a.j.r.c.ReportGeneratorConfiguration: Property 'jmeter.reportgenerator.exporter.html.filters_only_sample_series' not found, using default value 'true' instead.
2025-08-19 11:19:11,137 INFO o.a.j.r.c.ReportGeneratorConfiguration: Property 'jmeter.reportgenerator.exporter.html.series_filter' not found, using default value '' instead.
2025-08-19 11:19:11,137 INFO o.a.j.r.c.ReportGeneratorConfiguration: Property 'jmeter.reportgenerator.exporter.html.show_controllers_only' not found, using default value 'false' instead.
2025-08-19 11:19:11,154 INFO o.a.j.e.StandardJMeterEngine: Running the test!
2025-08-19 11:19:11,155 INFO o.a.j.s.SampleEvent: List of sample_variables: []
2025-08-19 11:19:11,155 INFO o.a.j.s.SampleEvent: List of sample_variables: []
2025-08-19 11:19:11,181 INFO o.a.j.e.u.CompoundVariable: Note: Function class names must contain the string: '.functions.'
2025-08-19 11:19:11,181 INFO o.a.j.e.u.CompoundVariable: Note: Function class names must not contain the string: '.gui.'
2025-08-19 11:19:11,830 INFO o.a.j.JMeter: Running test (1755595151830)
2025-08-19 11:19:12,210 INFO o.a.j.e.StandardJMeterEngine: Starting ThreadGroup: 1 : Thread Group
2025-08-19 11:19:12,210 INFO o.a.j.e.StandardJMeterEngine: Starting 5 threads for group Thread Group.
2025-08-19 11:19:12,210 INFO o.a.j.e.StandardJMeterEngine: Thread will continue on error
2025-08-19 11:19:12,211 INFO o.a.j.t.ThreadGroup: Starting thread group... number=1 threads=5 ramp-up=10 delayedStart=false
2025-08-19 11:19:12,257 INFO o.a.j.t.JMeterThread: Thread started: Thread Group 1-1
2025-08-19 11:19:12,280 INFO o.a.j.t.ThreadGroup: Started thread group number 1
2025-08-19 11:19:12,280 INFO o.a.j.e.StandardJMeterEngine: All thread groups have been started
2025-08-19 11:19:12,355 INFO o.a.j.p.h.s.HTTPHCAbstractImpl: Local host = e0357c3b8c7d
2025-08-19 11:19:12,365 INFO o.a.j.p.h.s.HTTPHC4Impl: HTTP request retry count = 0
2025-08-19 11:19:12,368 INFO o.a.j.s.SampleResult: Note: Sample TimeStamps are START times
2025-08-19 11:19:12,368 INFO o.a.j.s.SampleResult: sampleresult.default.encoding is set to ISO-8859-1
2025-08-19 11:19:12,368 INFO o.a.j.s.SampleResult: sampleresult.useNanoTime=true
2025-08-19 11:19:12,368 INFO o.a.j.s.SampleResult: sampleresult.nanoThreadSleep=5000
2025-08-19 11:19:14,239 INFO o.a.j.t.JMeterThread: Thread started: Thread Group 1-2
2025-08-19 11:19:16,259 INFO o.a.j.t.JMeterThread: Thread started: Thread Group 1-3
2025-08-19 11:19:18,222 INFO o.a.j.t.JMeterThread: Thread started: Thread Group 1-4
2025-08-19 11:19:20,216 INFO o.a.j.t.JMeterThread: Thread started: Thread Group 1-5
2025-08-19 11:19:30,012 INFO o.a.j.r.Summariser: summary +    193 in 00:00:18 =   10.6/s Avg:   281 Min:     7 Max:  1371 Err:     0 (0.00%) Active: 5 Started: 5 Finished: 0
2025-08-19 11:20:00,092 INFO o.a.j.r.Summariser: summary +    398 in 00:00:30 =   13.2/s Avg:   318 Min:     7 Max:  1411 Err:     0 (0.00%) Active: 5 Started: 5 Finished: 0
2025-08-19 11:20:00,093 INFO o.a.j.r.Summariser: summary =    591 in 00:00:48 =   12.2/s Avg:   306 Min:     7 Max:  1411 Err:     0 (0.00%)
2025-08-19 11:20:30,190 INFO o.a.j.r.Summariser: summary +    390 in 00:00:30 =   13.0/s Avg:   321 Min:     7 Max:  1437 Err:     0 (0.00%) Active: 5 Started: 5 Finished: 0
2025-08-19 11:20:30,191 INFO o.a.j.r.Summariser: summary =    981 in 00:01:18 =   12.5/s Avg:   312 Min:     7 Max:  1437 Err:     0 (0.00%)
2025-08-19 11:21:00,024 INFO o.a.j.r.Summariser: summary +    397 in 00:00:30 =   13.3/s Avg:   318 Min:     7 Max:  1377 Err:     0 (0.00%) Active: 5 Started: 5 Finished: 0
2025-08-19 11:21:00,024 INFO o.a.j.r.Summariser: summary =   1378 in 00:01:48 =   12.7/s Avg:   314 Min:     7 Max:  1437 Err:     0 (0.00%)
2025-08-19 11:21:12,152 INFO o.a.j.t.JMeterThread: Thread finished: Thread Group 1-1
2025-08-19 11:21:12,306 INFO o.a.j.t.JMeterThread: Stopping because end time detected by thread: Thread Group 1-5
2025-08-19 11:21:12,307 INFO o.a.j.t.JMeterThread: Thread finished: Thread Group 1-5
2025-08-19 11:21:12,397 INFO o.a.j.t.JMeterThread: Stopping because end time detected by thread: Thread Group 1-2
2025-08-19 11:21:12,398 INFO o.a.j.t.JMeterThread: Thread finished: Thread Group 1-2
2025-08-19 11:21:13,187 INFO o.a.j.t.JMeterThread: Stopping because end time detected by thread: Thread Group 1-3
2025-08-19 11:21:13,188 INFO o.a.j.t.JMeterThread: Thread finished: Thread Group 1-3
2025-08-19 11:21:13,243 INFO o.a.j.t.JMeterThread: Stopping because end time detected by thread: Thread Group 1-4
2025-08-19 11:21:13,244 INFO o.a.j.t.JMeterThread: Thread finished: Thread Group 1-4
2025-08-19 11:21:13,244 INFO o.a.j.e.StandardJMeterEngine: Notifying test listeners of end of test
2025-08-19 11:21:13,245 INFO o.a.j.r.Summariser: summary +    160 in 00:00:13 =   12.1/s Avg:   344 Min:     7 Max:  1485 Err:     0 (0.00%) Active: 0 Started: 5 Finished: 5
2025-08-19 11:21:13,245 INFO o.a.j.r.Summariser: summary =   1538 in 00:02:01 =   12.7/s Avg:   317 Min:     7 Max:  1485 Err:     0 (0.00%)
2025-08-19 11:21:13,246 INFO o.a.j.JMeter: Generating Dashboard
2025-08-19 11:21:13,246 INFO o.a.j.r.d.ReportGenerator: Flushing result collector before report Generation
2025-08-19 11:21:13,263 INFO o.a.j.r.p.NormalizerSampleConsumer: Using format, 'ms', to parse timeStamp field
2025-08-19 11:21:13,875 INFO o.a.j.r.p.AbstractSampleConsumer: class org.apache.jmeter.report.processor.AggregateConsumer#stopProducing(): beginDate produced 0 samples
2025-08-19 11:21:13,876 INFO o.a.j.r.p.AbstractSampleConsumer: class org.apache.jmeter.report.processor.AggregateConsumer#stopProducing(): endDate produced 0 samples
2025-08-19 11:21:13,886 INFO o.a.j.r.p.AbstractSampleConsumer: class org.apache.jmeter.report.processor.ApdexSummaryConsumer#stopProducing(): apdexSummary produced 0 samples
2025-08-19 11:21:13,886 INFO o.a.j.r.p.AbstractSampleConsumer: class org.apache.jmeter.report.processor.RequestsSummaryConsumer#stopProducing(): requestsSummary produced 0 samples
2025-08-19 11:21:13,919 INFO o.a.j.r.p.AbstractSampleConsumer: class org.apache.jmeter.report.processor.StatisticsSummaryConsumer#stopProducing(): statisticsSummary produced 0 samples
2025-08-19 11:21:13,933 INFO o.a.j.r.p.AbstractSampleConsumer: class org.apache.jmeter.report.processor.Top5ErrorsBySamplerConsumer#stopProducing(): top5ErrorsBySampler produced 0 samples
2025-08-19 11:21:13,933 INFO o.a.j.r.p.AbstractSampleConsumer: class org.apache.jmeter.report.processor.ErrorsSummaryConsumer#stopProducing(): errorsSummary produced 0 samples
2025-08-19 11:21:13,934 INFO o.a.j.r.p.AbstractSampleConsumer: class org.apache.jmeter.report.processor.graph.impl.HitsPerSecondGraphConsumer#stopProducing(): hitsPerSecond produced 0 samples
2025-08-19 11:21:14,142 INFO o.a.j.r.p.AbstractSampleConsumer: class org.apache.jmeter.report.processor.graph.impl.LatencyVSRequestGraphConsumer#stopProducing(): latencyVsRequest produced 0 samples
2025-08-19 11:21:14,143 INFO o.a.j.r.p.AbstractSampleConsumer: class org.apache.jmeter.report.processor.graph.impl.SyntheticResponseTimeDistributionGraphConsumer#stopProducing(): syntheticResponseTimeDistribution produced 0 samples
2025-08-19 11:21:14,144 INFO o.a.j.r.p.AbstractSampleConsumer: class org.apache.jmeter.report.processor.graph.impl.BytesThroughputGraphConsumer#stopProducing(): bytesThroughputOverTime produced 0 samples
2025-08-19 11:21:14,149 INFO o.a.j.r.p.AbstractSampleConsumer: class org.apache.jmeter.report.processor.graph.impl.CodesPerSecondGraphConsumer#stopProducing(): codesPerSecond produced 0 samples
2025-08-19 11:21:14,188 INFO o.a.j.r.p.AbstractSampleConsumer: class org.apache.jmeter.report.processor.graph.impl.ResponseTimeVSRequestGraphConsumer#stopProducing(): responseTimeVsRequest produced 0 samples
2025-08-19 11:21:14,193 INFO o.a.j.r.p.AbstractSampleConsumer: class org.apache.jmeter.report.processor.FilterConsumer#stopProducing(): startIntervalControlerFilter produced 10766 samples
2025-08-19 11:21:14,198 INFO o.a.j.r.p.AbstractSampleConsumer: class org.apache.jmeter.report.processor.graph.impl.TotalTPSGraphConsumer#stopProducing(): totalTPS produced 0 samples
2025-08-19 11:21:14,198 INFO o.a.j.r.p.AbstractSampleConsumer: class org.apache.jmeter.report.processor.graph.impl.ActiveThreadsGraphConsumer#stopProducing(): activeThreadsOverTime produced 0 samples
2025-08-19 11:21:14,199 INFO o.a.j.r.p.AbstractSampleConsumer: class org.apache.jmeter.report.processor.graph.impl.TimeVSThreadGraphConsumer#stopProducing(): timeVsThreads produced 0 samples
2025-08-19 11:21:14,202 INFO o.a.j.r.p.AbstractSampleConsumer: class org.apache.jmeter.report.processor.graph.impl.ResponseTimeDistributionGraphConsumer#stopProducing(): responseTimeDistribution produced 0 samples
2025-08-19 11:21:14,203 INFO o.a.j.r.p.AbstractSampleConsumer: class org.apache.jmeter.report.processor.graph.impl.TransactionsPerSecondGraphConsumer#stopProducing(): transactionsPerSecond produced 0 samples
2025-08-19 11:21:14,203 INFO o.a.j.r.p.AbstractSampleConsumer: class org.apache.jmeter.report.processor.graph.impl.ResponseTimePercentilesGraphConsumer#stopProducing(): responseTimePercentiles produced 0 samples
2025-08-19 11:21:14,230 INFO o.a.j.r.p.AbstractSampleConsumer: class org.apache.jmeter.report.processor.graph.impl.ResponseTimePercentilesOverTimeGraphConsumer#stopProducing(): responseTimePercentilesOverTime produced 0 samples
2025-08-19 11:21:14,238 INFO o.a.j.r.p.AbstractSampleConsumer: class org.apache.jmeter.report.processor.graph.impl.ResponseTimeOverTimeGraphConsumer#stopProducing(): responseTimesOverTime produced 0 samples
2025-08-19 11:21:14,243 INFO o.a.j.r.p.AbstractSampleConsumer: class org.apache.jmeter.report.processor.graph.impl.ConnectTimeOverTimeGraphConsumer#stopProducing(): connectTimeOverTime produced 0 samples
2025-08-19 11:21:14,243 INFO o.a.j.r.p.AbstractSampleConsumer: class org.apache.jmeter.report.processor.graph.impl.LatencyOverTimeGraphConsumer#stopProducing(): latenciesOverTime produced 0 samples
2025-08-19 11:21:14,271 INFO o.a.j.r.p.AbstractSampleConsumer: class org.apache.jmeter.report.processor.FilterConsumer#stopProducing(): nameFilter produced 23070 samples
2025-08-19 11:21:14,278 INFO o.a.j.r.p.AbstractSampleConsumer: class org.apache.jmeter.report.processor.FilterConsumer#stopProducing(): dateRangeFilter produced 4614 samples
2025-08-19 11:21:14,278 INFO o.a.j.r.p.AbstractSampleConsumer: class org.apache.jmeter.report.processor.NormalizerSampleConsumer#stopProducing(): normalizer produced 1538 samples
2025-08-19 11:21:14,279 INFO o.a.j.r.p.CsvFileSampleSource: produce(): 1538 samples produced in 957ms on channel 0
2025-08-19 11:21:14,279 INFO o.a.j.r.d.ReportGenerator: Exporting data using exporter:'json' of className:'org.apache.jmeter.report.dashboard.JsonExporter'
2025-08-19 11:21:14,622 INFO o.a.j.r.d.JsonExporter: Found data for consumer statisticsSummary in context
2025-08-19 11:21:14,623 INFO o.a.j.r.d.JsonExporter: Creating statistics for overall
2025-08-19 11:21:14,624 INFO o.a.j.r.d.JsonExporter: Creating statistics for other transactions
2025-08-19 11:21:14,625 INFO o.a.j.r.d.JsonExporter: Checking output folder
2025-08-19 11:21:14,625 INFO o.a.j.r.d.JsonExporter: Writing statistics JSON to /data/reports/20250819_091905_372b2db0/statistics.json
2025-08-19 11:21:14,710 INFO o.a.j.r.d.ReportGenerator: Exporting data using exporter:'html' of className:'org.apache.jmeter.report.dashboard.HtmlTemplateExporter'
2025-08-19 11:21:14,713 INFO o.a.j.r.d.HtmlTemplateExporter: Will generate dashboard in folder: /data/reports/20250819_091905_372b2db0
2025-08-19 11:21:15,141 INFO o.a.j.r.d.HtmlTemplateExporter: Report will be generated in: /data/reports/20250819_091905_372b2db0, creating folder structure
2025-08-19 11:21:15,150 INFO o.a.j.r.d.TemplateVisitor: Copying folder from '/opt/apache-jmeter-5.5/bin/report-template' to '/data/reports/20250819_091905_372b2db0', got message: /data/reports/20250819_091905_372b2db0, found non empty folder with following content [/data/reports/20250819_091905_372b2db0/statistics.json], will be ignored
2025-08-19 11:21:15,772 INFO o.a.j.JMeter: Dashboard generated
