2025-08-20 15:25:43,690 INFO o.a.j.u.JMeterUtils: Setting Locale to en_EN
2025-08-20 15:25:43,747 INFO o.a.j.JMeter: Loading user properties from: /opt/apache-jmeter-5.5/bin/user.properties
2025-08-20 15:25:43,747 INFO o.a.j.JMeter: Loading system properties from: /opt/apache-jmeter-5.5/bin/system.properties
2025-08-20 15:25:43,747 INFO o.a.j.JMeter: Setting System property: log4j2.formatMsgNoLookups=true
2025-08-20 15:25:43,747 INFO o.a.j.JMeter: Setting JMeter property: jmeter.save.saveservice.output_format=csv
2025-08-20 15:25:43,747 INFO o.a.j.JMeter: Setting JMeter property: jmeter.save.saveservice.print_field_names=true
2025-08-20 15:25:43,747 INFO o.a.j.JMeter: Setting JMeter property: jmeter.save.saveservice.timestamp_format=ms
2025-08-20 15:25:43,748 INFO o.a.j.JMeter: Setting JMeter property: jmeter.save.saveservice.default_delimiter=,
2025-08-20 15:25:43,748 INFO o.a.j.JMeter: Setting JMeter property: jmeter.save.saveservice.latency=true
2025-08-20 15:25:43,748 INFO o.a.j.JMeter: Setting JMeter property: jmeter.save.saveservice.label=true
2025-08-20 15:25:43,748 INFO o.a.j.JMeter: Setting JMeter property: jmeter.save.saveservice.successful=true
2025-08-20 15:25:43,748 INFO o.a.j.JMeter: Setting JMeter property: jmeter.save.saveservice.thread_counts=true
2025-08-20 15:25:43,748 INFO o.a.j.JMeter: Setting JMeter property: threads=10
2025-08-20 15:25:43,748 INFO o.a.j.JMeter: Setting JMeter property: loops=100
2025-08-20 15:25:43,748 INFO o.a.j.JMeter: Setting JMeter property: rampUp=60
2025-08-20 15:25:43,748 INFO o.a.j.JMeter: Setting JMeter property: duration=3600
2025-08-20 15:25:43,797 INFO o.a.j.JMeter: Copyright (c) 1998-2022 The Apache Software Foundation
2025-08-20 15:25:43,798 INFO o.a.j.JMeter: Version 5.5
2025-08-20 15:25:43,798 INFO o.a.j.JMeter: java.version=1.8.0_275
2025-08-20 15:25:43,798 INFO o.a.j.JMeter: java.vm.name=OpenJDK 64-Bit Server VM
2025-08-20 15:25:43,798 INFO o.a.j.JMeter: os.name=Linux
2025-08-20 15:25:43,798 INFO o.a.j.JMeter: os.arch=amd64
2025-08-20 15:25:43,798 INFO o.a.j.JMeter: os.version=5.15.0-76-generic
2025-08-20 15:25:43,798 INFO o.a.j.JMeter: file.encoding=UTF-8
2025-08-20 15:25:43,798 INFO o.a.j.JMeter: java.awt.headless=true
2025-08-20 15:25:43,798 INFO o.a.j.JMeter: Max memory     =35886465024
2025-08-20 15:25:43,798 INFO o.a.j.JMeter: Available Processors =8
2025-08-20 15:25:43,821 INFO o.a.j.JMeter: Default Locale=English (EN)
2025-08-20 15:25:43,829 INFO o.a.j.JMeter: JMeter  Locale=English (EN)
2025-08-20 15:25:43,829 INFO o.a.j.JMeter: JMeterHome=/opt/apache-jmeter-5.5
2025-08-20 15:25:43,829 INFO o.a.j.JMeter: user.dir  =/data
2025-08-20 15:25:43,830 INFO o.a.j.JMeter: PWD       =/data
2025-08-20 15:25:43,833 INFO o.a.j.JMeter: IP: 172.17.0.2 Name: b5df7b4dcda9 FullName: b5df7b4dcda9
2025-08-20 15:25:43,913 INFO o.a.j.JMeter: Setting property 'jmeter.reportgenerator.outputdir' to:'/data/reports/20250820_132539_b44f91f3'
2025-08-20 15:25:43,917 INFO o.a.j.s.FileServer: Default base='/data'
2025-08-20 15:25:43,921 INFO o.a.j.s.FileServer: Set new base='/data/uploads/testplans'
2025-08-20 15:25:44,518 INFO o.a.j.s.SaveService: Testplan (JMX) version: 2.2. Testlog (JTL) version: 2.2
2025-08-20 15:25:44,586 INFO o.a.j.s.SaveService: Using SaveService properties file encoding UTF-8
2025-08-20 15:25:44,594 INFO o.a.j.s.SaveService: Using SaveService properties version 5.0
2025-08-20 15:25:44,608 INFO o.a.j.s.SaveService: Loading file: /data/uploads/testplans/tt_1_20250819_084023_f49790cb.jmx
2025-08-20 15:25:44,702 INFO o.a.j.p.h.s.HTTPSamplerBase: Parser for text/html is org.apache.jmeter.protocol.http.parser.LagartoBasedHtmlParser
2025-08-20 15:25:44,702 INFO o.a.j.p.h.s.HTTPSamplerBase: Parser for application/xhtml+xml is org.apache.jmeter.protocol.http.parser.LagartoBasedHtmlParser
2025-08-20 15:25:44,703 INFO o.a.j.p.h.s.HTTPSamplerBase: Parser for application/xml is org.apache.jmeter.protocol.http.parser.LagartoBasedHtmlParser
2025-08-20 15:25:44,703 INFO o.a.j.p.h.s.HTTPSamplerBase: Parser for text/xml is org.apache.jmeter.protocol.http.parser.LagartoBasedHtmlParser
2025-08-20 15:25:44,704 INFO o.a.j.p.h.s.HTTPSamplerBase: Parser for text/vnd.wap.wml is org.apache.jmeter.protocol.http.parser.RegexpHTMLParser
2025-08-20 15:25:44,704 INFO o.a.j.p.h.s.HTTPSamplerBase: Parser for text/css is org.apache.jmeter.protocol.http.parser.CssParser
2025-08-20 15:25:46,163 INFO o.a.j.JMeter: Creating summariser <summary>
2025-08-20 15:25:46,187 INFO o.a.j.r.d.ReportGenerator: ReportGenerator will use for Parsing the separator: ','
2025-08-20 15:25:46,187 INFO o.a.j.r.d.ReportGenerator: Will generate report at end of test from  results file: /data/results/20250820_132539_b44f91f3/results.jtl
2025-08-20 15:25:46,188 INFO o.a.j.r.d.ReportGenerator: Reading report generator properties from: /opt/apache-jmeter-5.5/bin/reportgenerator.properties
2025-08-20 15:25:46,192 INFO o.a.j.r.d.ReportGenerator: Merging with JMeter properties
2025-08-20 15:25:46,225 INFO o.a.j.r.c.ReportGeneratorConfiguration: Property 'jmeter.reportgenerator.temp_dir' not found, using default value 'temp' instead.
2025-08-20 15:25:46,230 INFO o.a.j.r.c.ReportGeneratorConfiguration: Property 'jmeter.reportgenerator.apdex_per_transaction' not found, using default value 'null' instead.
2025-08-20 15:25:46,230 INFO o.a.j.r.c.ReportGeneratorConfiguration: apdex_per_transaction is empty, not APDEX per transaction customization
2025-08-20 15:25:46,231 INFO o.a.j.r.c.ReportGeneratorConfiguration: Property 'jmeter.reportgenerator.sample_filter' not found, using default value 'null' instead.
2025-08-20 15:25:46,239 INFO o.a.j.r.c.ReportGeneratorConfiguration: Property 'jmeter.reportgenerator.report_title' not found, using default value 'null' instead.
2025-08-20 15:25:46,239 INFO o.a.j.r.c.ReportGeneratorConfiguration: Property 'jmeter.reportgenerator.start_date' not found, using default value 'null' instead.
2025-08-20 15:25:46,239 INFO o.a.j.r.c.ReportGeneratorConfiguration: Property 'jmeter.reportgenerator.end_date' not found, using default value 'null' instead.
2025-08-20 15:25:46,239 INFO o.a.j.r.c.ReportGeneratorConfiguration: Property 'jmeter.reportgenerator.date_format' not found, using default value 'null' instead.
2025-08-20 15:25:46,241 INFO o.a.j.r.c.ReportGeneratorConfiguration: Will use date range start date: null, end date: null
2025-08-20 15:25:46,247 INFO o.a.j.r.c.ReportGeneratorConfiguration: Property 'jmeter.reportgenerator.graph.totalTPS.exclude_controllers' not found, using default value 'false' instead.
2025-08-20 15:25:46,248 INFO o.a.j.r.c.ReportGeneratorConfiguration: Property 'jmeter.reportgenerator.graph.activeThreadsOverTime.exclude_controllers' not found, using default value 'false' instead.
2025-08-20 15:25:46,249 INFO o.a.j.r.c.ReportGeneratorConfiguration: Property 'jmeter.reportgenerator.graph.timeVsThreads.exclude_controllers' not found, using default value 'false' instead.
2025-08-20 15:25:46,249 INFO o.a.j.r.c.ReportGeneratorConfiguration: Property 'jmeter.reportgenerator.graph.responseTimeDistribution.exclude_controllers' not found, using default value 'false' instead.
2025-08-20 15:25:46,249 INFO o.a.j.r.c.ReportGeneratorConfiguration: Property 'jmeter.reportgenerator.graph.transactionsPerSecond.exclude_controllers' not found, using default value 'false' instead.
2025-08-20 15:25:46,249 INFO o.a.j.r.c.ReportGeneratorConfiguration: Property 'jmeter.reportgenerator.graph.responseTimePercentiles.exclude_controllers' not found, using default value 'false' instead.
2025-08-20 15:25:46,250 INFO o.a.j.r.c.ReportGeneratorConfiguration: Property 'jmeter.reportgenerator.graph.responseTimePercentilesOverTime.exclude_controllers' not found, using default value 'false' instead.
2025-08-20 15:25:46,250 INFO o.a.j.r.c.ReportGeneratorConfiguration: Property 'jmeter.reportgenerator.graph.responseTimesOverTime.exclude_controllers' not found, using default value 'false' instead.
2025-08-20 15:25:46,251 INFO o.a.j.r.c.ReportGeneratorConfiguration: Property 'jmeter.reportgenerator.graph.connectTimeOverTime.exclude_controllers' not found, using default value 'false' instead.
2025-08-20 15:25:46,257 INFO o.a.j.r.c.ReportGeneratorConfiguration: Property 'jmeter.reportgenerator.graph.latenciesOverTime.exclude_controllers' not found, using default value 'false' instead.
2025-08-20 15:25:46,259 INFO o.a.j.r.c.ReportGeneratorConfiguration: Property 'jmeter.reportgenerator.exporter.json.filters_only_sample_series' not found, using default value 'true' instead.
2025-08-20 15:25:46,263 INFO o.a.j.r.c.ReportGeneratorConfiguration: Property 'jmeter.reportgenerator.exporter.json.series_filter' not found, using default value '' instead.
2025-08-20 15:25:46,263 INFO o.a.j.r.c.ReportGeneratorConfiguration: Property 'jmeter.reportgenerator.exporter.json.show_controllers_only' not found, using default value 'false' instead.
2025-08-20 15:25:46,264 INFO o.a.j.r.c.ReportGeneratorConfiguration: Property 'jmeter.reportgenerator.exporter.html.filters_only_sample_series' not found, using default value 'true' instead.
2025-08-20 15:25:46,264 INFO o.a.j.r.c.ReportGeneratorConfiguration: Property 'jmeter.reportgenerator.exporter.html.series_filter' not found, using default value '' instead.
2025-08-20 15:25:46,264 INFO o.a.j.r.c.ReportGeneratorConfiguration: Property 'jmeter.reportgenerator.exporter.html.show_controllers_only' not found, using default value 'false' instead.
2025-08-20 15:25:46,316 INFO o.a.j.e.StandardJMeterEngine: Running the test!
2025-08-20 15:25:46,321 INFO o.a.j.s.SampleEvent: List of sample_variables: []
2025-08-20 15:25:46,321 INFO o.a.j.s.SampleEvent: List of sample_variables: []
2025-08-20 15:25:46,345 INFO o.a.j.e.u.CompoundVariable: Note: Function class names must contain the string: '.functions.'
2025-08-20 15:25:46,345 INFO o.a.j.e.u.CompoundVariable: Note: Function class names must not contain the string: '.gui.'
2025-08-20 15:25:47,230 INFO o.a.j.JMeter: Running test (1755696347230)
2025-08-20 15:25:47,641 INFO o.a.j.e.StandardJMeterEngine: Starting ThreadGroup: 1 : Thread Group
2025-08-20 15:25:47,641 INFO o.a.j.e.StandardJMeterEngine: Starting 5 threads for group Thread Group.
2025-08-20 15:25:47,641 INFO o.a.j.e.StandardJMeterEngine: Thread will continue on error
2025-08-20 15:25:47,642 INFO o.a.j.t.ThreadGroup: Starting thread group... number=1 threads=5 ramp-up=10 delayedStart=false
2025-08-20 15:25:47,685 INFO o.a.j.t.JMeterThread: Thread started: Thread Group 1-1
2025-08-20 15:25:47,702 INFO o.a.j.t.ThreadGroup: Started thread group number 1
2025-08-20 15:25:47,703 INFO o.a.j.e.StandardJMeterEngine: All thread groups have been started
2025-08-20 15:25:47,807 INFO o.a.j.p.h.s.HTTPHCAbstractImpl: Local host = b5df7b4dcda9
2025-08-20 15:25:47,822 INFO o.a.j.p.h.s.HTTPHC4Impl: HTTP request retry count = 0
2025-08-20 15:25:47,825 INFO o.a.j.s.SampleResult: Note: Sample TimeStamps are START times
2025-08-20 15:25:47,825 INFO o.a.j.s.SampleResult: sampleresult.default.encoding is set to ISO-8859-1
2025-08-20 15:25:47,825 INFO o.a.j.s.SampleResult: sampleresult.useNanoTime=true
2025-08-20 15:25:47,825 INFO o.a.j.s.SampleResult: sampleresult.nanoThreadSleep=5000
2025-08-20 15:25:49,675 INFO o.a.j.t.JMeterThread: Thread started: Thread Group 1-2
2025-08-20 15:25:51,670 INFO o.a.j.t.JMeterThread: Thread started: Thread Group 1-3
2025-08-20 15:25:53,668 INFO o.a.j.t.JMeterThread: Thread started: Thread Group 1-4
2025-08-20 15:25:55,665 INFO o.a.j.t.JMeterThread: Thread started: Thread Group 1-5
2025-08-20 15:26:00,008 INFO o.a.j.r.Summariser: summary +    105 in 00:00:13 =    8.2/s Avg:   307 Min:     8 Max:  1519 Err:     0 (0.00%) Active: 5 Started: 5 Finished: 0
2025-08-20 15:26:30,470 INFO o.a.j.r.Summariser: summary +    336 in 00:00:30 =   11.0/s Avg:   387 Min:     7 Max:  1696 Err:     0 (0.00%) Active: 5 Started: 5 Finished: 0
2025-08-20 15:26:30,470 INFO o.a.j.r.Summariser: summary =    441 in 00:00:43 =   10.2/s Avg:   368 Min:     7 Max:  1696 Err:     0 (0.00%)
2025-08-20 15:27:00,063 INFO o.a.j.r.Summariser: summary +    333 in 00:00:30 =   11.3/s Avg:   386 Min:     7 Max:  1706 Err:     0 (0.00%) Active: 5 Started: 5 Finished: 0
2025-08-20 15:27:00,063 INFO o.a.j.r.Summariser: summary =    774 in 00:01:13 =   10.6/s Avg:   376 Min:     7 Max:  1706 Err:     0 (0.00%)
