2025-08-19 09:54:30,765 INFO o.a.j.u.JMeterUtils: Setting Locale to en_EN
2025-08-19 09:54:30,810 INFO o.a.j.JMeter: Loading user properties from: /opt/apache-jmeter-5.5/bin/user.properties
2025-08-19 09:54:30,812 INFO o.a.j.JMeter: Loading system properties from: /opt/apache-jmeter-5.5/bin/system.properties
2025-08-19 09:54:30,814 INFO o.a.j.JMeter: Setting System property: log4j2.formatMsgNoLookups=true
2025-08-19 09:54:30,814 INFO o.a.j.JMeter: Setting JMeter property: threads=10
2025-08-19 09:54:30,814 INFO o.a.j.JMeter: Setting JMeter property: loops=10
2025-08-19 09:54:30,815 INFO o.a.j.JMeter: Setting JMeter property: rampUp=10
2025-08-19 09:54:30,815 INFO o.a.j.JMeter: Setting JMeter property: duration=3600
2025-08-19 09:54:30,837 INFO o.a.j.JMeter: Copyright (c) 1998-2022 The Apache Software Foundation
2025-08-19 09:54:30,837 INFO o.a.j.JMeter: Version 5.5
2025-08-19 09:54:30,837 INFO o.a.j.JMeter: java.version=1.8.0_275
2025-08-19 09:54:30,838 INFO o.a.j.JMeter: java.vm.name=OpenJDK 64-Bit Server VM
2025-08-19 09:54:30,838 INFO o.a.j.JMeter: os.name=Linux
2025-08-19 09:54:30,838 INFO o.a.j.JMeter: os.arch=amd64
2025-08-19 09:54:30,838 INFO o.a.j.JMeter: os.version=5.15.0-76-generic
2025-08-19 09:54:30,838 INFO o.a.j.JMeter: file.encoding=UTF-8
2025-08-19 09:54:30,838 INFO o.a.j.JMeter: java.awt.headless=true
2025-08-19 09:54:30,839 INFO o.a.j.JMeter: Max memory     =37413191680
2025-08-19 09:54:30,839 INFO o.a.j.JMeter: Available Processors =8
2025-08-19 09:54:30,853 INFO o.a.j.JMeter: Default Locale=English (EN)
2025-08-19 09:54:30,858 INFO o.a.j.JMeter: JMeter  Locale=English (EN)
2025-08-19 09:54:30,858 INFO o.a.j.JMeter: JMeterHome=/opt/apache-jmeter-5.5
2025-08-19 09:54:30,859 INFO o.a.j.JMeter: user.dir  =/data
2025-08-19 09:54:30,859 INFO o.a.j.JMeter: PWD       =/data
2025-08-19 09:54:30,859 INFO o.a.j.JMeter: IP: 172.17.0.2 Name: 5076d46b4e7b FullName: 5076d46b4e7b
2025-08-19 09:54:30,921 INFO o.a.j.JMeter: Setting property 'jmeter.reportgenerator.outputdir' to:'/data/results/20250819_075427_40147f4c/report'
2025-08-19 09:54:30,938 INFO o.a.j.s.FileServer: Default base='/data'
2025-08-19 09:54:30,940 INFO o.a.j.s.FileServer: Set new base='/data/uploads/testplans'
2025-08-19 09:54:31,243 INFO o.a.j.s.SaveService: Testplan (JMX) version: 2.2. Testlog (JTL) version: 2.2
2025-08-19 09:54:31,290 INFO o.a.j.s.SaveService: Using SaveService properties file encoding UTF-8
2025-08-19 09:54:31,298 INFO o.a.j.s.SaveService: Using SaveService properties version 5.0
2025-08-19 09:54:31,309 INFO o.a.j.s.SaveService: Loading file: /data/uploads/testplans/tt_1_20250819_071630_8b8203ae.jmx
2025-08-19 09:54:31,419 INFO o.a.j.p.h.s.HTTPSamplerBase: Parser for text/html is org.apache.jmeter.protocol.http.parser.LagartoBasedHtmlParser
2025-08-19 09:54:31,420 INFO o.a.j.p.h.s.HTTPSamplerBase: Parser for application/xhtml+xml is org.apache.jmeter.protocol.http.parser.LagartoBasedHtmlParser
2025-08-19 09:54:31,420 INFO o.a.j.p.h.s.HTTPSamplerBase: Parser for application/xml is org.apache.jmeter.protocol.http.parser.LagartoBasedHtmlParser
2025-08-19 09:54:31,420 INFO o.a.j.p.h.s.HTTPSamplerBase: Parser for text/xml is org.apache.jmeter.protocol.http.parser.LagartoBasedHtmlParser
2025-08-19 09:54:31,421 INFO o.a.j.p.h.s.HTTPSamplerBase: Parser for text/vnd.wap.wml is org.apache.jmeter.protocol.http.parser.RegexpHTMLParser
2025-08-19 09:54:31,421 INFO o.a.j.p.h.s.HTTPSamplerBase: Parser for text/css is org.apache.jmeter.protocol.http.parser.CssParser
2025-08-19 09:54:32,371 INFO o.a.j.JMeter: Creating summariser <summary>
2025-08-19 09:54:32,380 INFO o.a.j.r.d.ReportGenerator: ReportGenerator will use for Parsing the separator: ','
2025-08-19 09:54:32,385 INFO o.a.j.r.d.ReportGenerator: Will generate report at end of test from  results file: /data/results/20250819_075427_40147f4c/results.jtl
2025-08-19 09:54:32,386 INFO o.a.j.r.d.ReportGenerator: Reading report generator properties from: /opt/apache-jmeter-5.5/bin/reportgenerator.properties
2025-08-19 09:54:32,387 INFO o.a.j.r.d.ReportGenerator: Merging with JMeter properties
2025-08-19 09:54:32,426 INFO o.a.j.r.c.ReportGeneratorConfiguration: Property 'jmeter.reportgenerator.temp_dir' not found, using default value 'temp' instead.
2025-08-19 09:54:32,442 INFO o.a.j.r.c.ReportGeneratorConfiguration: Property 'jmeter.reportgenerator.apdex_per_transaction' not found, using default value 'null' instead.
2025-08-19 09:54:32,442 INFO o.a.j.r.c.ReportGeneratorConfiguration: apdex_per_transaction is empty, not APDEX per transaction customization
2025-08-19 09:54:32,442 INFO o.a.j.r.c.ReportGeneratorConfiguration: Property 'jmeter.reportgenerator.sample_filter' not found, using default value 'null' instead.
2025-08-19 09:54:32,442 INFO o.a.j.r.c.ReportGeneratorConfiguration: Property 'jmeter.reportgenerator.report_title' not found, using default value 'null' instead.
2025-08-19 09:54:32,442 INFO o.a.j.r.c.ReportGeneratorConfiguration: Property 'jmeter.reportgenerator.start_date' not found, using default value 'null' instead.
2025-08-19 09:54:32,442 INFO o.a.j.r.c.ReportGeneratorConfiguration: Property 'jmeter.reportgenerator.end_date' not found, using default value 'null' instead.
2025-08-19 09:54:32,442 INFO o.a.j.r.c.ReportGeneratorConfiguration: Property 'jmeter.reportgenerator.date_format' not found, using default value 'null' instead.
2025-08-19 09:54:32,443 INFO o.a.j.r.c.ReportGeneratorConfiguration: Will use date range start date: null, end date: null
2025-08-19 09:54:32,463 INFO o.a.j.r.c.ReportGeneratorConfiguration: Property 'jmeter.reportgenerator.graph.totalTPS.exclude_controllers' not found, using default value 'false' instead.
2025-08-19 09:54:32,464 INFO o.a.j.r.c.ReportGeneratorConfiguration: Property 'jmeter.reportgenerator.graph.activeThreadsOverTime.exclude_controllers' not found, using default value 'false' instead.
2025-08-19 09:54:32,464 INFO o.a.j.r.c.ReportGeneratorConfiguration: Property 'jmeter.reportgenerator.graph.timeVsThreads.exclude_controllers' not found, using default value 'false' instead.
2025-08-19 09:54:32,464 INFO o.a.j.r.c.ReportGeneratorConfiguration: Property 'jmeter.reportgenerator.graph.responseTimeDistribution.exclude_controllers' not found, using default value 'false' instead.
2025-08-19 09:54:32,464 INFO o.a.j.r.c.ReportGeneratorConfiguration: Property 'jmeter.reportgenerator.graph.transactionsPerSecond.exclude_controllers' not found, using default value 'false' instead.
2025-08-19 09:54:32,465 INFO o.a.j.r.c.ReportGeneratorConfiguration: Property 'jmeter.reportgenerator.graph.responseTimePercentiles.exclude_controllers' not found, using default value 'false' instead.
2025-08-19 09:54:32,465 INFO o.a.j.r.c.ReportGeneratorConfiguration: Property 'jmeter.reportgenerator.graph.responseTimePercentilesOverTime.exclude_controllers' not found, using default value 'false' instead.
2025-08-19 09:54:32,465 INFO o.a.j.r.c.ReportGeneratorConfiguration: Property 'jmeter.reportgenerator.graph.responseTimesOverTime.exclude_controllers' not found, using default value 'false' instead.
2025-08-19 09:54:32,465 INFO o.a.j.r.c.ReportGeneratorConfiguration: Property 'jmeter.reportgenerator.graph.connectTimeOverTime.exclude_controllers' not found, using default value 'false' instead.
2025-08-19 09:54:32,465 INFO o.a.j.r.c.ReportGeneratorConfiguration: Property 'jmeter.reportgenerator.graph.latenciesOverTime.exclude_controllers' not found, using default value 'false' instead.
2025-08-19 09:54:32,473 INFO o.a.j.r.c.ReportGeneratorConfiguration: Property 'jmeter.reportgenerator.exporter.json.filters_only_sample_series' not found, using default value 'true' instead.
2025-08-19 09:54:32,473 INFO o.a.j.r.c.ReportGeneratorConfiguration: Property 'jmeter.reportgenerator.exporter.json.series_filter' not found, using default value '' instead.
2025-08-19 09:54:32,473 INFO o.a.j.r.c.ReportGeneratorConfiguration: Property 'jmeter.reportgenerator.exporter.json.show_controllers_only' not found, using default value 'false' instead.
2025-08-19 09:54:32,475 INFO o.a.j.r.c.ReportGeneratorConfiguration: Property 'jmeter.reportgenerator.exporter.html.filters_only_sample_series' not found, using default value 'true' instead.
2025-08-19 09:54:32,476 INFO o.a.j.r.c.ReportGeneratorConfiguration: Property 'jmeter.reportgenerator.exporter.html.series_filter' not found, using default value '' instead.
2025-08-19 09:54:32,476 INFO o.a.j.r.c.ReportGeneratorConfiguration: Property 'jmeter.reportgenerator.exporter.html.show_controllers_only' not found, using default value 'false' instead.
2025-08-19 09:54:32,503 INFO o.a.j.e.StandardJMeterEngine: Running the test!
2025-08-19 09:54:32,510 INFO o.a.j.s.SampleEvent: List of sample_variables: []
2025-08-19 09:54:32,510 INFO o.a.j.s.SampleEvent: List of sample_variables: []
2025-08-19 09:54:32,553 INFO o.a.j.e.u.CompoundVariable: Note: Function class names must contain the string: '.functions.'
2025-08-19 09:54:32,553 INFO o.a.j.e.u.CompoundVariable: Note: Function class names must not contain the string: '.gui.'
2025-08-19 09:54:33,310 INFO o.a.j.JMeter: Running test (1755590073310)
2025-08-19 09:54:33,620 INFO o.a.j.e.StandardJMeterEngine: Starting ThreadGroup: 1 : Thread Group
2025-08-19 09:54:33,623 INFO o.a.j.e.StandardJMeterEngine: Starting 5 threads for group Thread Group.
2025-08-19 09:54:33,624 INFO o.a.j.e.StandardJMeterEngine: Thread will continue on error
2025-08-19 09:54:33,624 INFO o.a.j.t.ThreadGroup: Starting thread group... number=1 threads=5 ramp-up=10 delayedStart=false
2025-08-19 09:54:33,703 INFO o.a.j.t.ThreadGroup: Started thread group number 1
2025-08-19 09:54:33,703 INFO o.a.j.e.StandardJMeterEngine: All thread groups have been started
2025-08-19 09:54:33,723 INFO o.a.j.t.JMeterThread: Thread started: Thread Group 1-1
2025-08-19 09:54:33,837 INFO o.a.j.p.h.s.HTTPHCAbstractImpl: Local host = 5076d46b4e7b
2025-08-19 09:54:33,847 INFO o.a.j.p.h.s.HTTPHC4Impl: HTTP request retry count = 0
2025-08-19 09:54:33,850 INFO o.a.j.s.SampleResult: Note: Sample TimeStamps are START times
2025-08-19 09:54:33,850 INFO o.a.j.s.SampleResult: sampleresult.default.encoding is set to ISO-8859-1
2025-08-19 09:54:33,850 INFO o.a.j.s.SampleResult: sampleresult.useNanoTime=true
2025-08-19 09:54:33,850 INFO o.a.j.s.SampleResult: sampleresult.nanoThreadSleep=5000
2025-08-19 09:54:34,504 INFO o.a.j.r.Summariser: summary +      1 in 00:00:01 =    0.8/s Avg:   273 Min:   273 Max:   273 Err:     0 (0.00%) Active: 1 Started: 1 Finished: 0
2025-08-19 09:54:35,713 INFO o.a.j.t.JMeterThread: Thread started: Thread Group 1-2
2025-08-19 09:54:37,693 INFO o.a.j.t.JMeterThread: Thread started: Thread Group 1-3
2025-08-19 09:54:39,659 INFO o.a.j.t.JMeterThread: Thread started: Thread Group 1-4
2025-08-19 09:54:41,658 INFO o.a.j.t.JMeterThread: Thread started: Thread Group 1-5
2025-08-19 09:55:05,630 INFO o.a.j.r.Summariser: summary +     55 in 00:00:31 =    1.8/s Avg:  1868 Min:    22 Max: 11764 Err:     0 (0.00%) Active: 5 Started: 5 Finished: 0
2025-08-19 09:55:05,630 INFO o.a.j.r.Summariser: summary =     56 in 00:00:32 =    1.7/s Avg:  1840 Min:    22 Max: 11764 Err:     0 (0.00%)
2025-08-19 09:55:31,360 INFO o.a.j.r.Summariser: summary +    140 in 00:00:26 =    5.4/s Avg:  1030 Min:    15 Max:  8859 Err:     0 (0.00%) Active: 5 Started: 5 Finished: 0
2025-08-19 09:55:31,361 INFO o.a.j.r.Summariser: summary =    196 in 00:00:58 =    3.4/s Avg:  1261 Min:    15 Max: 11764 Err:     0 (0.00%)
2025-08-19 09:56:01,212 INFO o.a.j.r.Summariser: summary +    220 in 00:00:30 =    7.4/s Avg:   623 Min:    12 Max:  2830 Err:     0 (0.00%) Active: 5 Started: 5 Finished: 0
2025-08-19 09:56:01,213 INFO o.a.j.r.Summariser: summary =    416 in 00:01:28 =    4.7/s Avg:   924 Min:    12 Max: 11764 Err:     0 (0.00%)
