2025-08-19 11:01:13,338 INFO o.a.j.u.JMeterUtils: Setting Locale to en_EN
2025-08-19 11:01:13,371 INFO o.a.j.JMeter: Loading user properties from: /opt/apache-jmeter-5.5/bin/user.properties
2025-08-19 11:01:13,372 INFO o.a.j.JMeter: Loading system properties from: /opt/apache-jmeter-5.5/bin/system.properties
2025-08-19 11:01:13,372 INFO o.a.j.JMeter: Setting System property: log4j2.formatMsgNoLookups=true
2025-08-19 11:01:13,372 INFO o.a.j.JMeter: Setting JMeter property: jmeter.save.saveservice.output_format=csv
2025-08-19 11:01:13,372 INFO o.a.j.JMeter: Setting JMeter property: jmeter.save.saveservice.print_field_names=true
2025-08-19 11:01:13,372 INFO o.a.j.JMeter: Setting JMeter property: jmeter.save.saveservice.timestamp_format=ms
2025-08-19 11:01:13,372 INFO o.a.j.JMeter: Setting JMeter property: threads=10
2025-08-19 11:01:13,372 INFO o.a.j.JMeter: Setting JMeter property: loops=100
2025-08-19 11:01:13,373 INFO o.a.j.JMeter: Setting JMeter property: rampUp=60
2025-08-19 11:01:13,373 INFO o.a.j.JMeter: Setting JMeter property: duration=3600
2025-08-19 11:01:13,383 INFO o.a.j.JMeter: Copyright (c) 1998-2022 The Apache Software Foundation
2025-08-19 11:01:13,383 INFO o.a.j.JMeter: Version 5.5
2025-08-19 11:01:13,383 INFO o.a.j.JMeter: java.version=1.8.0_275
2025-08-19 11:01:13,383 INFO o.a.j.JMeter: java.vm.name=OpenJDK 64-Bit Server VM
2025-08-19 11:01:13,383 INFO o.a.j.JMeter: os.name=Linux
2025-08-19 11:01:13,383 INFO o.a.j.JMeter: os.arch=amd64
2025-08-19 11:01:13,383 INFO o.a.j.JMeter: os.version=5.15.0-76-generic
2025-08-19 11:01:13,383 INFO o.a.j.JMeter: file.encoding=UTF-8
2025-08-19 11:01:13,383 INFO o.a.j.JMeter: java.awt.headless=true
2025-08-19 11:01:13,383 INFO o.a.j.JMeter: Max memory     =36708548608
2025-08-19 11:01:13,384 INFO o.a.j.JMeter: Available Processors =8
2025-08-19 11:01:13,393 INFO o.a.j.JMeter: Default Locale=English (EN)
2025-08-19 11:01:13,393 INFO o.a.j.JMeter: JMeter  Locale=English (EN)
2025-08-19 11:01:13,393 INFO o.a.j.JMeter: JMeterHome=/opt/apache-jmeter-5.5
2025-08-19 11:01:13,393 INFO o.a.j.JMeter: user.dir  =/data
2025-08-19 11:01:13,394 INFO o.a.j.JMeter: PWD       =/data
2025-08-19 11:01:13,394 INFO o.a.j.JMeter: IP: 172.17.0.2 Name: 0fd03925e297 FullName: 0fd03925e297
2025-08-19 11:01:13,480 INFO o.a.j.JMeter: Setting property 'jmeter.reportgenerator.outputdir' to:'/data/reports/20250819_090110_6d790bc3/report'
2025-08-19 11:01:13,484 INFO o.a.j.s.FileServer: Default base='/data'
2025-08-19 11:01:13,485 INFO o.a.j.s.FileServer: Set new base='/data/uploads/testplans'
2025-08-19 11:01:13,775 INFO o.a.j.s.SaveService: Testplan (JMX) version: 2.2. Testlog (JTL) version: 2.2
2025-08-19 11:01:13,827 INFO o.a.j.s.SaveService: Using SaveService properties file encoding UTF-8
2025-08-19 11:01:13,834 INFO o.a.j.s.SaveService: Using SaveService properties version 5.0
2025-08-19 11:01:13,844 INFO o.a.j.s.SaveService: Loading file: /data/uploads/testplans/tt_1_20250819_084023_f49790cb.jmx
2025-08-19 11:01:13,931 INFO o.a.j.p.h.s.HTTPSamplerBase: Parser for text/html is org.apache.jmeter.protocol.http.parser.LagartoBasedHtmlParser
2025-08-19 11:01:13,932 INFO o.a.j.p.h.s.HTTPSamplerBase: Parser for application/xhtml+xml is org.apache.jmeter.protocol.http.parser.LagartoBasedHtmlParser
2025-08-19 11:01:13,932 INFO o.a.j.p.h.s.HTTPSamplerBase: Parser for application/xml is org.apache.jmeter.protocol.http.parser.LagartoBasedHtmlParser
2025-08-19 11:01:13,932 INFO o.a.j.p.h.s.HTTPSamplerBase: Parser for text/xml is org.apache.jmeter.protocol.http.parser.LagartoBasedHtmlParser
2025-08-19 11:01:13,932 INFO o.a.j.p.h.s.HTTPSamplerBase: Parser for text/vnd.wap.wml is org.apache.jmeter.protocol.http.parser.RegexpHTMLParser
2025-08-19 11:01:13,932 INFO o.a.j.p.h.s.HTTPSamplerBase: Parser for text/css is org.apache.jmeter.protocol.http.parser.CssParser
2025-08-19 11:01:14,923 INFO o.a.j.JMeter: Creating summariser <summary>
2025-08-19 11:01:14,946 INFO o.a.j.r.d.ReportGenerator: ReportGenerator will use for Parsing the separator: ','
2025-08-19 11:01:14,946 INFO o.a.j.r.d.ReportGenerator: Will generate report at end of test from  results file: /data/results/20250819_090110_6d790bc3/results.jtl
2025-08-19 11:01:14,947 INFO o.a.j.r.d.ReportGenerator: Reading report generator properties from: /opt/apache-jmeter-5.5/bin/reportgenerator.properties
2025-08-19 11:01:14,947 INFO o.a.j.r.d.ReportGenerator: Merging with JMeter properties
2025-08-19 11:01:14,964 INFO o.a.j.r.c.ReportGeneratorConfiguration: Property 'jmeter.reportgenerator.temp_dir' not found, using default value 'temp' instead.
2025-08-19 11:01:14,968 INFO o.a.j.r.c.ReportGeneratorConfiguration: Property 'jmeter.reportgenerator.apdex_per_transaction' not found, using default value 'null' instead.
2025-08-19 11:01:14,968 INFO o.a.j.r.c.ReportGeneratorConfiguration: apdex_per_transaction is empty, not APDEX per transaction customization
2025-08-19 11:01:14,968 INFO o.a.j.r.c.ReportGeneratorConfiguration: Property 'jmeter.reportgenerator.sample_filter' not found, using default value 'null' instead.
2025-08-19 11:01:14,969 INFO o.a.j.r.c.ReportGeneratorConfiguration: Property 'jmeter.reportgenerator.report_title' not found, using default value 'null' instead.
2025-08-19 11:01:14,969 INFO o.a.j.r.c.ReportGeneratorConfiguration: Property 'jmeter.reportgenerator.start_date' not found, using default value 'null' instead.
2025-08-19 11:01:14,969 INFO o.a.j.r.c.ReportGeneratorConfiguration: Property 'jmeter.reportgenerator.end_date' not found, using default value 'null' instead.
2025-08-19 11:01:14,969 INFO o.a.j.r.c.ReportGeneratorConfiguration: Property 'jmeter.reportgenerator.date_format' not found, using default value 'null' instead.
2025-08-19 11:01:14,974 INFO o.a.j.r.c.ReportGeneratorConfiguration: Will use date range start date: null, end date: null
2025-08-19 11:01:14,981 INFO o.a.j.r.c.ReportGeneratorConfiguration: Property 'jmeter.reportgenerator.graph.totalTPS.exclude_controllers' not found, using default value 'false' instead.
2025-08-19 11:01:14,981 INFO o.a.j.r.c.ReportGeneratorConfiguration: Property 'jmeter.reportgenerator.graph.activeThreadsOverTime.exclude_controllers' not found, using default value 'false' instead.
2025-08-19 11:01:14,982 INFO o.a.j.r.c.ReportGeneratorConfiguration: Property 'jmeter.reportgenerator.graph.timeVsThreads.exclude_controllers' not found, using default value 'false' instead.
2025-08-19 11:01:14,982 INFO o.a.j.r.c.ReportGeneratorConfiguration: Property 'jmeter.reportgenerator.graph.responseTimeDistribution.exclude_controllers' not found, using default value 'false' instead.
2025-08-19 11:01:14,982 INFO o.a.j.r.c.ReportGeneratorConfiguration: Property 'jmeter.reportgenerator.graph.transactionsPerSecond.exclude_controllers' not found, using default value 'false' instead.
2025-08-19 11:01:14,983 INFO o.a.j.r.c.ReportGeneratorConfiguration: Property 'jmeter.reportgenerator.graph.responseTimePercentiles.exclude_controllers' not found, using default value 'false' instead.
2025-08-19 11:01:14,983 INFO o.a.j.r.c.ReportGeneratorConfiguration: Property 'jmeter.reportgenerator.graph.responseTimePercentilesOverTime.exclude_controllers' not found, using default value 'false' instead.
2025-08-19 11:01:14,983 INFO o.a.j.r.c.ReportGeneratorConfiguration: Property 'jmeter.reportgenerator.graph.responseTimesOverTime.exclude_controllers' not found, using default value 'false' instead.
2025-08-19 11:01:14,984 INFO o.a.j.r.c.ReportGeneratorConfiguration: Property 'jmeter.reportgenerator.graph.connectTimeOverTime.exclude_controllers' not found, using default value 'false' instead.
2025-08-19 11:01:14,986 INFO o.a.j.r.c.ReportGeneratorConfiguration: Property 'jmeter.reportgenerator.graph.latenciesOverTime.exclude_controllers' not found, using default value 'false' instead.
2025-08-19 11:01:14,988 INFO o.a.j.r.c.ReportGeneratorConfiguration: Property 'jmeter.reportgenerator.exporter.json.filters_only_sample_series' not found, using default value 'true' instead.
2025-08-19 11:01:14,988 INFO o.a.j.r.c.ReportGeneratorConfiguration: Property 'jmeter.reportgenerator.exporter.json.series_filter' not found, using default value '' instead.
2025-08-19 11:01:14,988 INFO o.a.j.r.c.ReportGeneratorConfiguration: Property 'jmeter.reportgenerator.exporter.json.show_controllers_only' not found, using default value 'false' instead.
2025-08-19 11:01:14,989 INFO o.a.j.r.c.ReportGeneratorConfiguration: Property 'jmeter.reportgenerator.exporter.html.filters_only_sample_series' not found, using default value 'true' instead.
2025-08-19 11:01:14,989 INFO o.a.j.r.c.ReportGeneratorConfiguration: Property 'jmeter.reportgenerator.exporter.html.series_filter' not found, using default value '' instead.
2025-08-19 11:01:14,989 INFO o.a.j.r.c.ReportGeneratorConfiguration: Property 'jmeter.reportgenerator.exporter.html.show_controllers_only' not found, using default value 'false' instead.
2025-08-19 11:01:15,019 INFO o.a.j.e.StandardJMeterEngine: Running the test!
2025-08-19 11:01:15,020 INFO o.a.j.s.SampleEvent: List of sample_variables: []
2025-08-19 11:01:15,020 INFO o.a.j.s.SampleEvent: List of sample_variables: []
2025-08-19 11:01:15,032 INFO o.a.j.e.u.CompoundVariable: Note: Function class names must contain the string: '.functions.'
2025-08-19 11:01:15,032 INFO o.a.j.e.u.CompoundVariable: Note: Function class names must not contain the string: '.gui.'
2025-08-19 11:01:15,906 INFO o.a.j.JMeter: Running test (1755594075906)
2025-08-19 11:01:16,286 INFO o.a.j.e.StandardJMeterEngine: Starting ThreadGroup: 1 : Thread Group
2025-08-19 11:01:16,286 INFO o.a.j.e.StandardJMeterEngine: Starting 5 threads for group Thread Group.
2025-08-19 11:01:16,287 INFO o.a.j.e.StandardJMeterEngine: Thread will continue on error
2025-08-19 11:01:16,292 INFO o.a.j.t.ThreadGroup: Starting thread group... number=1 threads=5 ramp-up=10 delayedStart=false
2025-08-19 11:01:16,358 INFO o.a.j.t.JMeterThread: Thread started: Thread Group 1-1
2025-08-19 11:01:16,365 INFO o.a.j.t.ThreadGroup: Started thread group number 1
2025-08-19 11:01:16,365 INFO o.a.j.e.StandardJMeterEngine: All thread groups have been started
2025-08-19 11:01:16,473 INFO o.a.j.p.h.s.HTTPHCAbstractImpl: Local host = 0fd03925e297
2025-08-19 11:01:16,487 INFO o.a.j.p.h.s.HTTPHC4Impl: HTTP request retry count = 0
2025-08-19 11:01:16,490 INFO o.a.j.s.SampleResult: Note: Sample TimeStamps are START times
2025-08-19 11:01:16,492 INFO o.a.j.s.SampleResult: sampleresult.default.encoding is set to ISO-8859-1
2025-08-19 11:01:16,493 INFO o.a.j.s.SampleResult: sampleresult.useNanoTime=true
2025-08-19 11:01:16,493 INFO o.a.j.s.SampleResult: sampleresult.nanoThreadSleep=5000
2025-08-19 11:01:18,326 INFO o.a.j.t.JMeterThread: Thread started: Thread Group 1-2
2025-08-19 11:01:20,311 INFO o.a.j.t.JMeterThread: Thread started: Thread Group 1-3
2025-08-19 11:01:22,326 INFO o.a.j.t.JMeterThread: Thread started: Thread Group 1-4
2025-08-19 11:01:24,314 INFO o.a.j.t.JMeterThread: Thread started: Thread Group 1-5
2025-08-19 11:01:30,128 INFO o.a.j.r.Summariser: summary +    140 in 00:00:14 =    9.8/s Avg:   270 Min:     8 Max:  1383 Err:     0 (0.00%) Active: 5 Started: 5 Finished: 0
2025-08-19 11:02:00,200 INFO o.a.j.r.Summariser: summary +    389 in 00:00:30 =   12.9/s Avg:   322 Min:     8 Max:  1487 Err:     0 (0.00%) Active: 5 Started: 5 Finished: 0
2025-08-19 11:02:00,200 INFO o.a.j.r.Summariser: summary =    529 in 00:00:44 =   11.9/s Avg:   308 Min:     8 Max:  1487 Err:     0 (0.00%)
2025-08-19 11:02:30,022 INFO o.a.j.r.Summariser: summary +    398 in 00:00:30 =   13.3/s Avg:   317 Min:     8 Max:  1427 Err:     0 (0.00%) Active: 5 Started: 5 Finished: 0
2025-08-19 11:02:30,022 INFO o.a.j.r.Summariser: summary =    927 in 00:01:14 =   12.5/s Avg:   312 Min:     8 Max:  1487 Err:     0 (0.00%)
2025-08-19 11:03:00,074 INFO o.a.j.r.Summariser: summary +    376 in 00:00:30 =   12.5/s Avg:   335 Min:     7 Max:  1502 Err:     0 (0.00%) Active: 5 Started: 5 Finished: 0
2025-08-19 11:03:00,074 INFO o.a.j.r.Summariser: summary =   1303 in 00:01:44 =   12.5/s Avg:   319 Min:     7 Max:  1502 Err:     0 (0.00%)
2025-08-19 11:03:16,303 INFO o.a.j.t.JMeterThread: Stopping because end time detected by thread: Thread Group 1-1
2025-08-19 11:03:16,304 INFO o.a.j.t.JMeterThread: Thread finished: Thread Group 1-1
2025-08-19 11:03:16,644 INFO o.a.j.t.JMeterThread: Stopping because end time detected by thread: Thread Group 1-5
2025-08-19 11:03:16,644 INFO o.a.j.t.JMeterThread: Thread finished: Thread Group 1-5
2025-08-19 11:03:16,695 INFO o.a.j.t.JMeterThread: Stopping because end time detected by thread: Thread Group 1-3
2025-08-19 11:03:16,695 INFO o.a.j.t.JMeterThread: Thread finished: Thread Group 1-3
2025-08-19 11:03:16,749 INFO o.a.j.t.JMeterThread: Stopping because end time detected by thread: Thread Group 1-2
2025-08-19 11:03:16,749 INFO o.a.j.t.JMeterThread: Thread finished: Thread Group 1-2
2025-08-19 11:03:16,925 INFO o.a.j.t.JMeterThread: Stopping because end time detected by thread: Thread Group 1-4
2025-08-19 11:03:16,926 INFO o.a.j.t.JMeterThread: Thread finished: Thread Group 1-4
2025-08-19 11:03:16,927 INFO o.a.j.e.StandardJMeterEngine: Notifying test listeners of end of test
2025-08-19 11:03:16,928 INFO o.a.j.r.Summariser: summary +    212 in 00:00:17 =   12.6/s Avg:   344 Min:     7 Max:  1393 Err:     0 (0.00%) Active: 0 Started: 5 Finished: 5
2025-08-19 11:03:16,928 INFO o.a.j.r.Summariser: summary =   1515 in 00:02:01 =   12.5/s Avg:   322 Min:     7 Max:  1502 Err:     0 (0.00%)
2025-08-19 11:03:16,929 INFO o.a.j.JMeter: Generating Dashboard
2025-08-19 11:03:16,929 INFO o.a.j.r.d.ReportGenerator: Flushing result collector before report Generation
2025-08-19 11:03:16,948 INFO o.a.j.r.p.NormalizerSampleConsumer: Using format, 'ms', to parse timeStamp field
2025-08-19 11:03:17,398 INFO o.a.j.r.p.AbstractSampleConsumer: class org.apache.jmeter.report.processor.AggregateConsumer#stopProducing(): beginDate produced 0 samples
2025-08-19 11:03:17,402 INFO o.a.j.r.p.AbstractSampleConsumer: class org.apache.jmeter.report.processor.AggregateConsumer#stopProducing(): endDate produced 0 samples
2025-08-19 11:03:17,406 INFO o.a.j.r.p.AbstractSampleConsumer: class org.apache.jmeter.report.processor.ApdexSummaryConsumer#stopProducing(): apdexSummary produced 0 samples
2025-08-19 11:03:17,410 INFO o.a.j.r.p.AbstractSampleConsumer: class org.apache.jmeter.report.processor.RequestsSummaryConsumer#stopProducing(): requestsSummary produced 0 samples
2025-08-19 11:03:17,425 INFO o.a.j.r.p.AbstractSampleConsumer: class org.apache.jmeter.report.processor.StatisticsSummaryConsumer#stopProducing(): statisticsSummary produced 0 samples
2025-08-19 11:03:17,475 INFO o.a.j.r.p.AbstractSampleConsumer: class org.apache.jmeter.report.processor.Top5ErrorsBySamplerConsumer#stopProducing(): top5ErrorsBySampler produced 0 samples
2025-08-19 11:03:17,475 INFO o.a.j.r.p.AbstractSampleConsumer: class org.apache.jmeter.report.processor.ErrorsSummaryConsumer#stopProducing(): errorsSummary produced 0 samples
2025-08-19 11:03:17,475 INFO o.a.j.r.p.AbstractSampleConsumer: class org.apache.jmeter.report.processor.graph.impl.HitsPerSecondGraphConsumer#stopProducing(): hitsPerSecond produced 0 samples
2025-08-19 11:03:17,586 INFO o.a.j.r.p.AbstractSampleConsumer: class org.apache.jmeter.report.processor.graph.impl.LatencyVSRequestGraphConsumer#stopProducing(): latencyVsRequest produced 0 samples
2025-08-19 11:03:17,587 INFO o.a.j.r.p.AbstractSampleConsumer: class org.apache.jmeter.report.processor.graph.impl.SyntheticResponseTimeDistributionGraphConsumer#stopProducing(): syntheticResponseTimeDistribution produced 0 samples
2025-08-19 11:03:17,589 INFO o.a.j.r.p.AbstractSampleConsumer: class org.apache.jmeter.report.processor.graph.impl.BytesThroughputGraphConsumer#stopProducing(): bytesThroughputOverTime produced 0 samples
2025-08-19 11:03:17,591 INFO o.a.j.r.p.AbstractSampleConsumer: class org.apache.jmeter.report.processor.graph.impl.CodesPerSecondGraphConsumer#stopProducing(): codesPerSecond produced 0 samples
2025-08-19 11:03:17,666 INFO o.a.j.r.p.AbstractSampleConsumer: class org.apache.jmeter.report.processor.graph.impl.ResponseTimeVSRequestGraphConsumer#stopProducing(): responseTimeVsRequest produced 0 samples
2025-08-19 11:03:17,668 INFO o.a.j.r.p.AbstractSampleConsumer: class org.apache.jmeter.report.processor.FilterConsumer#stopProducing(): startIntervalControlerFilter produced 10605 samples
2025-08-19 11:03:17,668 INFO o.a.j.r.p.AbstractSampleConsumer: class org.apache.jmeter.report.processor.graph.impl.TotalTPSGraphConsumer#stopProducing(): totalTPS produced 0 samples
2025-08-19 11:03:17,669 INFO o.a.j.r.p.AbstractSampleConsumer: class org.apache.jmeter.report.processor.graph.impl.ActiveThreadsGraphConsumer#stopProducing(): activeThreadsOverTime produced 0 samples
2025-08-19 11:03:17,669 INFO o.a.j.r.p.AbstractSampleConsumer: class org.apache.jmeter.report.processor.graph.impl.TimeVSThreadGraphConsumer#stopProducing(): timeVsThreads produced 0 samples
2025-08-19 11:03:17,673 INFO o.a.j.r.p.AbstractSampleConsumer: class org.apache.jmeter.report.processor.graph.impl.ResponseTimeDistributionGraphConsumer#stopProducing(): responseTimeDistribution produced 0 samples
2025-08-19 11:03:17,673 INFO o.a.j.r.p.AbstractSampleConsumer: class org.apache.jmeter.report.processor.graph.impl.TransactionsPerSecondGraphConsumer#stopProducing(): transactionsPerSecond produced 0 samples
2025-08-19 11:03:17,674 INFO o.a.j.r.p.AbstractSampleConsumer: class org.apache.jmeter.report.processor.graph.impl.ResponseTimePercentilesGraphConsumer#stopProducing(): responseTimePercentiles produced 0 samples
2025-08-19 11:03:17,700 INFO o.a.j.r.p.AbstractSampleConsumer: class org.apache.jmeter.report.processor.graph.impl.ResponseTimePercentilesOverTimeGraphConsumer#stopProducing(): responseTimePercentilesOverTime produced 0 samples
2025-08-19 11:03:17,701 INFO o.a.j.r.p.AbstractSampleConsumer: class org.apache.jmeter.report.processor.graph.impl.ResponseTimeOverTimeGraphConsumer#stopProducing(): responseTimesOverTime produced 0 samples
2025-08-19 11:03:17,703 INFO o.a.j.r.p.AbstractSampleConsumer: class org.apache.jmeter.report.processor.graph.impl.ConnectTimeOverTimeGraphConsumer#stopProducing(): connectTimeOverTime produced 0 samples
2025-08-19 11:03:17,703 INFO o.a.j.r.p.AbstractSampleConsumer: class org.apache.jmeter.report.processor.graph.impl.LatencyOverTimeGraphConsumer#stopProducing(): latenciesOverTime produced 0 samples
2025-08-19 11:03:17,703 INFO o.a.j.r.p.AbstractSampleConsumer: class org.apache.jmeter.report.processor.FilterConsumer#stopProducing(): nameFilter produced 22725 samples
2025-08-19 11:03:17,704 INFO o.a.j.r.p.AbstractSampleConsumer: class org.apache.jmeter.report.processor.FilterConsumer#stopProducing(): dateRangeFilter produced 4545 samples
2025-08-19 11:03:17,705 INFO o.a.j.r.p.AbstractSampleConsumer: class org.apache.jmeter.report.processor.NormalizerSampleConsumer#stopProducing(): normalizer produced 1515 samples
2025-08-19 11:03:17,706 INFO o.a.j.r.p.CsvFileSampleSource: produce(): 1515 samples produced in 694ms on channel 0
2025-08-19 11:03:17,706 INFO o.a.j.r.d.ReportGenerator: Exporting data using exporter:'json' of className:'org.apache.jmeter.report.dashboard.JsonExporter'
2025-08-19 11:03:17,982 INFO o.a.j.r.d.JsonExporter: Found data for consumer statisticsSummary in context
2025-08-19 11:03:17,983 INFO o.a.j.r.d.JsonExporter: Creating statistics for overall
2025-08-19 11:03:17,984 INFO o.a.j.r.d.JsonExporter: Creating statistics for other transactions
2025-08-19 11:03:17,984 INFO o.a.j.r.d.JsonExporter: Checking output folder
2025-08-19 11:03:17,985 INFO o.a.j.r.d.JsonExporter: Writing statistics JSON to /data/reports/20250819_090110_6d790bc3/report/statistics.json
2025-08-19 11:03:18,083 INFO o.a.j.r.d.ReportGenerator: Exporting data using exporter:'html' of className:'org.apache.jmeter.report.dashboard.HtmlTemplateExporter'
2025-08-19 11:03:18,096 INFO o.a.j.r.d.HtmlTemplateExporter: Will generate dashboard in folder: /data/reports/20250819_090110_6d790bc3/report
2025-08-19 11:03:18,506 INFO o.a.j.r.d.HtmlTemplateExporter: Report will be generated in: /data/reports/20250819_090110_6d790bc3/report, creating folder structure
2025-08-19 11:03:18,514 INFO o.a.j.r.d.TemplateVisitor: Copying folder from '/opt/apache-jmeter-5.5/bin/report-template' to '/data/reports/20250819_090110_6d790bc3/report', got message: /data/reports/20250819_090110_6d790bc3/report, found non empty folder with following content [/data/reports/20250819_090110_6d790bc3/report/statistics.json], will be ignored
2025-08-19 11:03:19,026 INFO o.a.j.JMeter: Dashboard generated
