2025-08-19 10:40:47,199 INFO o.a.j.u.JMeterUtils: Setting Locale to en_EN
2025-08-19 10:40:47,246 INFO o.a.j.JMeter: Loading user properties from: /opt/apache-jmeter-5.5/bin/user.properties
2025-08-19 10:40:47,247 INFO o.a.j.JMeter: Loading system properties from: /opt/apache-jmeter-5.5/bin/system.properties
2025-08-19 10:40:47,247 INFO o.a.j.JMeter: Setting System property: log4j2.formatMsgNoLookups=true
2025-08-19 10:40:47,248 INFO o.a.j.JMeter: Setting JMeter property: jmeter.save.saveservice.output_format=csv
2025-08-19 10:40:47,248 INFO o.a.j.JMeter: Setting JMeter property: jmeter.save.saveservice.print_field_names=true
2025-08-19 10:40:47,248 INFO o.a.j.JMeter: Setting JMeter property: jmeter.save.saveservice.timestamp_format=ms
2025-08-19 10:40:47,248 INFO o.a.j.JMeter: Setting JMeter property: threads=10
2025-08-19 10:40:47,248 INFO o.a.j.JMeter: Setting JMeter property: loops=100
2025-08-19 10:40:47,249 INFO o.a.j.JMeter: Setting JMeter property: rampUp=60
2025-08-19 10:40:47,249 INFO o.a.j.JMeter: Setting JMeter property: duration=3600
2025-08-19 10:40:47,279 INFO o.a.j.JMeter: Copyright (c) 1998-2022 The Apache Software Foundation
2025-08-19 10:40:47,279 INFO o.a.j.JMeter: Version 5.5
2025-08-19 10:40:47,279 INFO o.a.j.JMeter: java.version=1.8.0_275
2025-08-19 10:40:47,279 INFO o.a.j.JMeter: java.vm.name=OpenJDK 64-Bit Server VM
2025-08-19 10:40:47,279 INFO o.a.j.JMeter: os.name=Linux
2025-08-19 10:40:47,280 INFO o.a.j.JMeter: os.arch=amd64
2025-08-19 10:40:47,280 INFO o.a.j.JMeter: os.version=5.15.0-76-generic
2025-08-19 10:40:47,280 INFO o.a.j.JMeter: file.encoding=UTF-8
2025-08-19 10:40:47,280 INFO o.a.j.JMeter: java.awt.headless=true
2025-08-19 10:40:47,280 INFO o.a.j.JMeter: Max memory     =36792434688
2025-08-19 10:40:47,280 INFO o.a.j.JMeter: Available Processors =8
2025-08-19 10:40:47,289 INFO o.a.j.JMeter: Default Locale=English (EN)
2025-08-19 10:40:47,289 INFO o.a.j.JMeter: JMeter  Locale=English (EN)
2025-08-19 10:40:47,290 INFO o.a.j.JMeter: JMeterHome=/opt/apache-jmeter-5.5
2025-08-19 10:40:47,290 INFO o.a.j.JMeter: user.dir  =/data
2025-08-19 10:40:47,290 INFO o.a.j.JMeter: PWD       =/data
2025-08-19 10:40:47,290 INFO o.a.j.JMeter: IP: 172.17.0.2 Name: cd20a90fdbfe FullName: cd20a90fdbfe
2025-08-19 10:40:47,335 INFO o.a.j.JMeter: Setting property 'jmeter.reportgenerator.outputdir' to:'/data/results/20250819_084043_9d4a6a8c/report'
2025-08-19 10:40:47,340 INFO o.a.j.s.FileServer: Default base='/data'
2025-08-19 10:40:47,341 INFO o.a.j.s.FileServer: Set new base='/data/uploads/testplans'
2025-08-19 10:40:47,602 INFO o.a.j.s.SaveService: Testplan (JMX) version: 2.2. Testlog (JTL) version: 2.2
2025-08-19 10:40:47,635 INFO o.a.j.s.SaveService: Using SaveService properties file encoding UTF-8
2025-08-19 10:40:47,645 INFO o.a.j.s.SaveService: Using SaveService properties version 5.0
2025-08-19 10:40:47,660 INFO o.a.j.s.SaveService: Loading file: /data/uploads/testplans/tt_1_20250819_084023_f49790cb.jmx
2025-08-19 10:40:47,750 INFO o.a.j.p.h.s.HTTPSamplerBase: Parser for text/html is org.apache.jmeter.protocol.http.parser.LagartoBasedHtmlParser
2025-08-19 10:40:47,751 INFO o.a.j.p.h.s.HTTPSamplerBase: Parser for application/xhtml+xml is org.apache.jmeter.protocol.http.parser.LagartoBasedHtmlParser
2025-08-19 10:40:47,751 INFO o.a.j.p.h.s.HTTPSamplerBase: Parser for application/xml is org.apache.jmeter.protocol.http.parser.LagartoBasedHtmlParser
2025-08-19 10:40:47,751 INFO o.a.j.p.h.s.HTTPSamplerBase: Parser for text/xml is org.apache.jmeter.protocol.http.parser.LagartoBasedHtmlParser
2025-08-19 10:40:47,751 INFO o.a.j.p.h.s.HTTPSamplerBase: Parser for text/vnd.wap.wml is org.apache.jmeter.protocol.http.parser.RegexpHTMLParser
2025-08-19 10:40:47,751 INFO o.a.j.p.h.s.HTTPSamplerBase: Parser for text/css is org.apache.jmeter.protocol.http.parser.CssParser
2025-08-19 10:40:48,635 INFO o.a.j.JMeter: Creating summariser <summary>
2025-08-19 10:40:48,647 INFO o.a.j.r.d.ReportGenerator: ReportGenerator will use for Parsing the separator: ','
2025-08-19 10:40:48,652 INFO o.a.j.r.d.ReportGenerator: Will generate report at end of test from  results file: /data/results/20250819_084043_9d4a6a8c/results.jtl
2025-08-19 10:40:48,652 INFO o.a.j.r.d.ReportGenerator: Reading report generator properties from: /opt/apache-jmeter-5.5/bin/reportgenerator.properties
2025-08-19 10:40:48,653 INFO o.a.j.r.d.ReportGenerator: Merging with JMeter properties
2025-08-19 10:40:48,663 INFO o.a.j.r.c.ReportGeneratorConfiguration: Property 'jmeter.reportgenerator.temp_dir' not found, using default value 'temp' instead.
2025-08-19 10:40:48,670 INFO o.a.j.r.c.ReportGeneratorConfiguration: Property 'jmeter.reportgenerator.apdex_per_transaction' not found, using default value 'null' instead.
2025-08-19 10:40:48,674 INFO o.a.j.r.c.ReportGeneratorConfiguration: apdex_per_transaction is empty, not APDEX per transaction customization
2025-08-19 10:40:48,674 INFO o.a.j.r.c.ReportGeneratorConfiguration: Property 'jmeter.reportgenerator.sample_filter' not found, using default value 'null' instead.
2025-08-19 10:40:48,674 INFO o.a.j.r.c.ReportGeneratorConfiguration: Property 'jmeter.reportgenerator.report_title' not found, using default value 'null' instead.
2025-08-19 10:40:48,674 INFO o.a.j.r.c.ReportGeneratorConfiguration: Property 'jmeter.reportgenerator.start_date' not found, using default value 'null' instead.
2025-08-19 10:40:48,674 INFO o.a.j.r.c.ReportGeneratorConfiguration: Property 'jmeter.reportgenerator.end_date' not found, using default value 'null' instead.
2025-08-19 10:40:48,674 INFO o.a.j.r.c.ReportGeneratorConfiguration: Property 'jmeter.reportgenerator.date_format' not found, using default value 'null' instead.
2025-08-19 10:40:48,675 INFO o.a.j.r.c.ReportGeneratorConfiguration: Will use date range start date: null, end date: null
2025-08-19 10:40:48,681 INFO o.a.j.r.c.ReportGeneratorConfiguration: Property 'jmeter.reportgenerator.graph.totalTPS.exclude_controllers' not found, using default value 'false' instead.
2025-08-19 10:40:48,685 INFO o.a.j.r.c.ReportGeneratorConfiguration: Property 'jmeter.reportgenerator.graph.activeThreadsOverTime.exclude_controllers' not found, using default value 'false' instead.
2025-08-19 10:40:48,685 INFO o.a.j.r.c.ReportGeneratorConfiguration: Property 'jmeter.reportgenerator.graph.timeVsThreads.exclude_controllers' not found, using default value 'false' instead.
2025-08-19 10:40:48,685 INFO o.a.j.r.c.ReportGeneratorConfiguration: Property 'jmeter.reportgenerator.graph.responseTimeDistribution.exclude_controllers' not found, using default value 'false' instead.
2025-08-19 10:40:48,685 INFO o.a.j.r.c.ReportGeneratorConfiguration: Property 'jmeter.reportgenerator.graph.transactionsPerSecond.exclude_controllers' not found, using default value 'false' instead.
2025-08-19 10:40:48,685 INFO o.a.j.r.c.ReportGeneratorConfiguration: Property 'jmeter.reportgenerator.graph.responseTimePercentiles.exclude_controllers' not found, using default value 'false' instead.
2025-08-19 10:40:48,686 INFO o.a.j.r.c.ReportGeneratorConfiguration: Property 'jmeter.reportgenerator.graph.responseTimePercentilesOverTime.exclude_controllers' not found, using default value 'false' instead.
2025-08-19 10:40:48,686 INFO o.a.j.r.c.ReportGeneratorConfiguration: Property 'jmeter.reportgenerator.graph.responseTimesOverTime.exclude_controllers' not found, using default value 'false' instead.
2025-08-19 10:40:48,697 INFO o.a.j.r.c.ReportGeneratorConfiguration: Property 'jmeter.reportgenerator.graph.connectTimeOverTime.exclude_controllers' not found, using default value 'false' instead.
2025-08-19 10:40:48,697 INFO o.a.j.r.c.ReportGeneratorConfiguration: Property 'jmeter.reportgenerator.graph.latenciesOverTime.exclude_controllers' not found, using default value 'false' instead.
2025-08-19 10:40:48,699 INFO o.a.j.r.c.ReportGeneratorConfiguration: Property 'jmeter.reportgenerator.exporter.json.filters_only_sample_series' not found, using default value 'true' instead.
2025-08-19 10:40:48,699 INFO o.a.j.r.c.ReportGeneratorConfiguration: Property 'jmeter.reportgenerator.exporter.json.series_filter' not found, using default value '' instead.
2025-08-19 10:40:48,699 INFO o.a.j.r.c.ReportGeneratorConfiguration: Property 'jmeter.reportgenerator.exporter.json.show_controllers_only' not found, using default value 'false' instead.
2025-08-19 10:40:48,699 INFO o.a.j.r.c.ReportGeneratorConfiguration: Property 'jmeter.reportgenerator.exporter.html.filters_only_sample_series' not found, using default value 'true' instead.
2025-08-19 10:40:48,700 INFO o.a.j.r.c.ReportGeneratorConfiguration: Property 'jmeter.reportgenerator.exporter.html.series_filter' not found, using default value '' instead.
2025-08-19 10:40:48,700 INFO o.a.j.r.c.ReportGeneratorConfiguration: Property 'jmeter.reportgenerator.exporter.html.show_controllers_only' not found, using default value 'false' instead.
2025-08-19 10:40:48,718 INFO o.a.j.e.StandardJMeterEngine: Running the test!
2025-08-19 10:40:48,719 INFO o.a.j.s.SampleEvent: List of sample_variables: []
2025-08-19 10:40:48,719 INFO o.a.j.s.SampleEvent: List of sample_variables: []
2025-08-19 10:40:48,738 INFO o.a.j.e.u.CompoundVariable: Note: Function class names must contain the string: '.functions.'
2025-08-19 10:40:48,739 INFO o.a.j.e.u.CompoundVariable: Note: Function class names must not contain the string: '.gui.'
2025-08-19 10:40:49,535 INFO o.a.j.JMeter: Running test (1755592849535)
2025-08-19 10:40:49,821 INFO o.a.j.e.StandardJMeterEngine: Starting ThreadGroup: 1 : Thread Group
2025-08-19 10:40:49,821 INFO o.a.j.e.StandardJMeterEngine: Starting 5 threads for group Thread Group.
2025-08-19 10:40:49,827 INFO o.a.j.e.StandardJMeterEngine: Thread will continue on error
2025-08-19 10:40:49,827 INFO o.a.j.t.ThreadGroup: Starting thread group... number=1 threads=5 ramp-up=10 delayedStart=false
2025-08-19 10:40:49,901 INFO o.a.j.t.JMeterThread: Thread started: Thread Group 1-1
2025-08-19 10:40:49,915 INFO o.a.j.t.ThreadGroup: Started thread group number 1
2025-08-19 10:40:49,915 INFO o.a.j.e.StandardJMeterEngine: All thread groups have been started
2025-08-19 10:40:50,014 INFO o.a.j.p.h.s.HTTPHCAbstractImpl: Local host = cd20a90fdbfe
2025-08-19 10:40:50,024 INFO o.a.j.p.h.s.HTTPHC4Impl: HTTP request retry count = 0
2025-08-19 10:40:50,026 INFO o.a.j.s.SampleResult: Note: Sample TimeStamps are START times
2025-08-19 10:40:50,026 INFO o.a.j.s.SampleResult: sampleresult.default.encoding is set to ISO-8859-1
2025-08-19 10:40:50,026 INFO o.a.j.s.SampleResult: sampleresult.useNanoTime=true
2025-08-19 10:40:50,026 INFO o.a.j.s.SampleResult: sampleresult.nanoThreadSleep=5000
2025-08-19 10:40:51,879 INFO o.a.j.t.JMeterThread: Thread started: Thread Group 1-2
2025-08-19 10:40:53,853 INFO o.a.j.t.JMeterThread: Thread started: Thread Group 1-3
2025-08-19 10:40:55,882 INFO o.a.j.t.JMeterThread: Thread started: Thread Group 1-4
2025-08-19 10:40:57,868 INFO o.a.j.t.JMeterThread: Thread started: Thread Group 1-5
2025-08-19 10:41:00,096 INFO o.a.j.r.Summariser: summary +     96 in 00:00:11 =    9.1/s Avg:   222 Min:     8 Max:  1329 Err:     0 (0.00%) Active: 5 Started: 5 Finished: 0
2025-08-19 10:41:30,045 INFO o.a.j.r.Summariser: summary +    397 in 00:00:30 =   13.3/s Avg:   318 Min:     8 Max:  1494 Err:     0 (0.00%) Active: 5 Started: 5 Finished: 0
2025-08-19 10:41:30,045 INFO o.a.j.r.Summariser: summary =    493 in 00:00:41 =   12.2/s Avg:   299 Min:     8 Max:  1494 Err:     0 (0.00%)
2025-08-19 10:42:00,220 INFO o.a.j.r.Summariser: summary +    399 in 00:00:30 =   13.2/s Avg:   317 Min:     8 Max:  1357 Err:     0 (0.00%) Active: 5 Started: 5 Finished: 0
2025-08-19 10:42:00,220 INFO o.a.j.r.Summariser: summary =    892 in 00:01:11 =   12.6/s Avg:   307 Min:     8 Max:  1494 Err:     0 (0.00%)
2025-08-19 10:42:30,123 INFO o.a.j.r.Summariser: summary +    390 in 00:00:30 =   13.0/s Avg:   323 Min:     8 Max:  1509 Err:     0 (0.00%) Active: 5 Started: 5 Finished: 0
2025-08-19 10:42:30,124 INFO o.a.j.r.Summariser: summary =   1282 in 00:01:41 =   12.7/s Avg:   312 Min:     8 Max:  1509 Err:     0 (0.00%)
2025-08-19 10:42:49,779 INFO o.a.j.t.JMeterThread: Thread finished: Thread Group 1-1
2025-08-19 10:42:49,799 INFO o.a.j.t.JMeterThread: Thread finished: Thread Group 1-2
2025-08-19 10:42:49,865 INFO o.a.j.t.JMeterThread: Thread finished: Thread Group 1-4
2025-08-19 10:42:49,944 INFO o.a.j.t.JMeterThread: Stopping because end time detected by thread: Thread Group 1-3
2025-08-19 10:42:49,945 INFO o.a.j.t.JMeterThread: Thread finished: Thread Group 1-3
2025-08-19 10:42:50,321 INFO o.a.j.t.JMeterThread: Stopping because end time detected by thread: Thread Group 1-5
2025-08-19 10:42:50,322 INFO o.a.j.t.JMeterThread: Thread finished: Thread Group 1-5
2025-08-19 10:42:50,322 INFO o.a.j.e.StandardJMeterEngine: Notifying test listeners of end of test
2025-08-19 10:42:50,323 INFO o.a.j.r.Summariser: summary +    261 in 00:00:20 =   12.9/s Avg:   326 Min:     8 Max:  1413 Err:     0 (0.00%) Active: 0 Started: 5 Finished: 5
2025-08-19 10:42:50,323 INFO o.a.j.r.Summariser: summary =   1543 in 00:02:01 =   12.8/s Avg:   314 Min:     8 Max:  1509 Err:     0 (0.00%)
2025-08-19 10:42:50,323 INFO o.a.j.JMeter: Generating Dashboard
2025-08-19 10:42:50,323 INFO o.a.j.r.d.ReportGenerator: Flushing result collector before report Generation
2025-08-19 10:42:50,340 INFO o.a.j.r.p.NormalizerSampleConsumer: Using format, 'ms', to parse timeStamp field
2025-08-19 10:42:50,826 INFO o.a.j.r.p.AbstractSampleConsumer: class org.apache.jmeter.report.processor.AggregateConsumer#stopProducing(): beginDate produced 0 samples
2025-08-19 10:42:50,826 INFO o.a.j.r.p.AbstractSampleConsumer: class org.apache.jmeter.report.processor.AggregateConsumer#stopProducing(): endDate produced 0 samples
2025-08-19 10:42:50,830 INFO o.a.j.r.p.AbstractSampleConsumer: class org.apache.jmeter.report.processor.ApdexSummaryConsumer#stopProducing(): apdexSummary produced 0 samples
2025-08-19 10:42:50,831 INFO o.a.j.r.p.AbstractSampleConsumer: class org.apache.jmeter.report.processor.RequestsSummaryConsumer#stopProducing(): requestsSummary produced 0 samples
2025-08-19 10:42:50,851 INFO o.a.j.r.p.AbstractSampleConsumer: class org.apache.jmeter.report.processor.StatisticsSummaryConsumer#stopProducing(): statisticsSummary produced 0 samples
2025-08-19 10:42:50,863 INFO o.a.j.r.p.AbstractSampleConsumer: class org.apache.jmeter.report.processor.Top5ErrorsBySamplerConsumer#stopProducing(): top5ErrorsBySampler produced 0 samples
2025-08-19 10:42:50,864 INFO o.a.j.r.p.AbstractSampleConsumer: class org.apache.jmeter.report.processor.ErrorsSummaryConsumer#stopProducing(): errorsSummary produced 0 samples
2025-08-19 10:42:50,864 INFO o.a.j.r.p.AbstractSampleConsumer: class org.apache.jmeter.report.processor.graph.impl.HitsPerSecondGraphConsumer#stopProducing(): hitsPerSecond produced 0 samples
2025-08-19 10:42:50,963 INFO o.a.j.r.p.AbstractSampleConsumer: class org.apache.jmeter.report.processor.graph.impl.LatencyVSRequestGraphConsumer#stopProducing(): latencyVsRequest produced 0 samples
2025-08-19 10:42:50,964 INFO o.a.j.r.p.AbstractSampleConsumer: class org.apache.jmeter.report.processor.graph.impl.SyntheticResponseTimeDistributionGraphConsumer#stopProducing(): syntheticResponseTimeDistribution produced 0 samples
2025-08-19 10:42:50,965 INFO o.a.j.r.p.AbstractSampleConsumer: class org.apache.jmeter.report.processor.graph.impl.BytesThroughputGraphConsumer#stopProducing(): bytesThroughputOverTime produced 0 samples
2025-08-19 10:42:50,965 INFO o.a.j.r.p.AbstractSampleConsumer: class org.apache.jmeter.report.processor.graph.impl.CodesPerSecondGraphConsumer#stopProducing(): codesPerSecond produced 0 samples
2025-08-19 10:42:51,008 INFO o.a.j.r.p.AbstractSampleConsumer: class org.apache.jmeter.report.processor.graph.impl.ResponseTimeVSRequestGraphConsumer#stopProducing(): responseTimeVsRequest produced 0 samples
2025-08-19 10:42:51,009 INFO o.a.j.r.p.AbstractSampleConsumer: class org.apache.jmeter.report.processor.FilterConsumer#stopProducing(): startIntervalControlerFilter produced 10801 samples
2025-08-19 10:42:51,009 INFO o.a.j.r.p.AbstractSampleConsumer: class org.apache.jmeter.report.processor.graph.impl.TotalTPSGraphConsumer#stopProducing(): totalTPS produced 0 samples
2025-08-19 10:42:51,009 INFO o.a.j.r.p.AbstractSampleConsumer: class org.apache.jmeter.report.processor.graph.impl.ActiveThreadsGraphConsumer#stopProducing(): activeThreadsOverTime produced 0 samples
2025-08-19 10:42:51,009 INFO o.a.j.r.p.AbstractSampleConsumer: class org.apache.jmeter.report.processor.graph.impl.TimeVSThreadGraphConsumer#stopProducing(): timeVsThreads produced 0 samples
2025-08-19 10:42:51,011 INFO o.a.j.r.p.AbstractSampleConsumer: class org.apache.jmeter.report.processor.graph.impl.ResponseTimeDistributionGraphConsumer#stopProducing(): responseTimeDistribution produced 0 samples
2025-08-19 10:42:51,014 INFO o.a.j.r.p.AbstractSampleConsumer: class org.apache.jmeter.report.processor.graph.impl.TransactionsPerSecondGraphConsumer#stopProducing(): transactionsPerSecond produced 0 samples
2025-08-19 10:42:51,014 INFO o.a.j.r.p.AbstractSampleConsumer: class org.apache.jmeter.report.processor.graph.impl.ResponseTimePercentilesGraphConsumer#stopProducing(): responseTimePercentiles produced 0 samples
2025-08-19 10:42:51,025 INFO o.a.j.r.p.AbstractSampleConsumer: class org.apache.jmeter.report.processor.graph.impl.ResponseTimePercentilesOverTimeGraphConsumer#stopProducing(): responseTimePercentilesOverTime produced 0 samples
2025-08-19 10:42:51,026 INFO o.a.j.r.p.AbstractSampleConsumer: class org.apache.jmeter.report.processor.graph.impl.ResponseTimeOverTimeGraphConsumer#stopProducing(): responseTimesOverTime produced 0 samples
2025-08-19 10:42:51,027 INFO o.a.j.r.p.AbstractSampleConsumer: class org.apache.jmeter.report.processor.graph.impl.ConnectTimeOverTimeGraphConsumer#stopProducing(): connectTimeOverTime produced 0 samples
2025-08-19 10:42:51,027 INFO o.a.j.r.p.AbstractSampleConsumer: class org.apache.jmeter.report.processor.graph.impl.LatencyOverTimeGraphConsumer#stopProducing(): latenciesOverTime produced 0 samples
2025-08-19 10:42:51,042 INFO o.a.j.r.p.AbstractSampleConsumer: class org.apache.jmeter.report.processor.FilterConsumer#stopProducing(): nameFilter produced 23145 samples
2025-08-19 10:42:51,042 INFO o.a.j.r.p.AbstractSampleConsumer: class org.apache.jmeter.report.processor.FilterConsumer#stopProducing(): dateRangeFilter produced 4629 samples
2025-08-19 10:42:51,042 INFO o.a.j.r.p.AbstractSampleConsumer: class org.apache.jmeter.report.processor.NormalizerSampleConsumer#stopProducing(): normalizer produced 1543 samples
2025-08-19 10:42:51,043 INFO o.a.j.r.p.CsvFileSampleSource: produce(): 1543 samples produced in 650ms on channel 0
2025-08-19 10:42:51,043 INFO o.a.j.r.d.ReportGenerator: Exporting data using exporter:'json' of className:'org.apache.jmeter.report.dashboard.JsonExporter'
2025-08-19 10:42:51,378 INFO o.a.j.r.d.JsonExporter: Found data for consumer statisticsSummary in context
2025-08-19 10:42:51,379 INFO o.a.j.r.d.JsonExporter: Creating statistics for overall
2025-08-19 10:42:51,380 INFO o.a.j.r.d.JsonExporter: Creating statistics for other transactions
2025-08-19 10:42:51,380 INFO o.a.j.r.d.JsonExporter: Checking output folder
2025-08-19 10:42:51,381 INFO o.a.j.r.d.JsonExporter: Writing statistics JSON to /data/results/20250819_084043_9d4a6a8c/report/statistics.json
2025-08-19 10:42:51,483 INFO o.a.j.r.d.ReportGenerator: Exporting data using exporter:'html' of className:'org.apache.jmeter.report.dashboard.HtmlTemplateExporter'
2025-08-19 10:42:51,498 INFO o.a.j.r.d.HtmlTemplateExporter: Will generate dashboard in folder: /data/results/20250819_084043_9d4a6a8c/report
2025-08-19 10:42:52,063 INFO o.a.j.r.d.HtmlTemplateExporter: Report will be generated in: /data/results/20250819_084043_9d4a6a8c/report, creating folder structure
2025-08-19 10:42:52,072 INFO o.a.j.r.d.TemplateVisitor: Copying folder from '/opt/apache-jmeter-5.5/bin/report-template' to '/data/results/20250819_084043_9d4a6a8c/report', got message: /data/results/20250819_084043_9d4a6a8c/report, found non empty folder with following content [/data/results/20250819_084043_9d4a6a8c/report/statistics.json], will be ignored
2025-08-19 10:42:52,678 INFO o.a.j.JMeter: Dashboard generated
