2025-08-19 11:23:32,523 INFO o.a.j.u.JMeterUtils: Setting Locale to en_EN
2025-08-19 11:23:32,559 INFO o.a.j.JMeter: Loading user properties from: /opt/apache-jmeter-5.5/bin/user.properties
2025-08-19 11:23:32,560 INFO o.a.j.JMeter: Loading system properties from: /opt/apache-jmeter-5.5/bin/system.properties
2025-08-19 11:23:32,560 INFO o.a.j.JMeter: Setting System property: log4j2.formatMsgNoLookups=true
2025-08-19 11:23:32,560 INFO o.a.j.JMeter: Setting JMeter property: jmeter.save.saveservice.output_format=csv
2025-08-19 11:23:32,560 INFO o.a.j.JMeter: Setting JMeter property: jmeter.save.saveservice.print_field_names=true
2025-08-19 11:23:32,560 INFO o.a.j.JMeter: Setting JMeter property: jmeter.save.saveservice.timestamp_format=ms
2025-08-19 11:23:32,561 INFO o.a.j.JMeter: Setting JMeter property: threads=10
2025-08-19 11:23:32,561 INFO o.a.j.JMeter: Setting JMeter property: loops=100
2025-08-19 11:23:32,561 INFO o.a.j.JMeter: Setting JMeter property: rampUp=60
2025-08-19 11:23:32,561 INFO o.a.j.JMeter: Setting JMeter property: duration=3600
2025-08-19 11:23:32,576 INFO o.a.j.JMeter: Copyright (c) 1998-2022 The Apache Software Foundation
2025-08-19 11:23:32,576 INFO o.a.j.JMeter: Version 5.5
2025-08-19 11:23:32,576 INFO o.a.j.JMeter: java.version=1.8.0_275
2025-08-19 11:23:32,576 INFO o.a.j.JMeter: java.vm.name=OpenJDK 64-Bit Server VM
2025-08-19 11:23:32,576 INFO o.a.j.JMeter: os.name=Linux
2025-08-19 11:23:32,576 INFO o.a.j.JMeter: os.arch=amd64
2025-08-19 11:23:32,577 INFO o.a.j.JMeter: os.version=5.15.0-76-generic
2025-08-19 11:23:32,577 INFO o.a.j.JMeter: file.encoding=UTF-8
2025-08-19 11:23:32,577 INFO o.a.j.JMeter: java.awt.headless=true
2025-08-19 11:23:32,577 INFO o.a.j.JMeter: Max memory     =37463523328
2025-08-19 11:23:32,577 INFO o.a.j.JMeter: Available Processors =8
2025-08-19 11:23:32,590 INFO o.a.j.JMeter: Default Locale=English (EN)
2025-08-19 11:23:32,591 INFO o.a.j.JMeter: JMeter  Locale=English (EN)
2025-08-19 11:23:32,591 INFO o.a.j.JMeter: JMeterHome=/opt/apache-jmeter-5.5
2025-08-19 11:23:32,591 INFO o.a.j.JMeter: user.dir  =/data
2025-08-19 11:23:32,591 INFO o.a.j.JMeter: PWD       =/data
2025-08-19 11:23:32,592 INFO o.a.j.JMeter: IP: 172.17.0.2 Name: a52d6e21e327 FullName: a52d6e21e327
2025-08-19 11:23:32,632 INFO o.a.j.JMeter: Setting property 'jmeter.reportgenerator.outputdir' to:'/data/reports/20250819_092329_51bf5e1d'
2025-08-19 11:23:32,636 INFO o.a.j.s.FileServer: Default base='/data'
2025-08-19 11:23:32,637 INFO o.a.j.s.FileServer: Set new base='/data/uploads/testplans'
2025-08-19 11:23:32,909 INFO o.a.j.s.SaveService: Testplan (JMX) version: 2.2. Testlog (JTL) version: 2.2
2025-08-19 11:23:32,979 INFO o.a.j.s.SaveService: Using SaveService properties file encoding UTF-8
2025-08-19 11:23:32,987 INFO o.a.j.s.SaveService: Using SaveService properties version 5.0
2025-08-19 11:23:32,997 INFO o.a.j.s.SaveService: Loading file: /data/uploads/testplans/tt_1_20250819_084023_f49790cb.jmx
2025-08-19 11:23:33,083 INFO o.a.j.p.h.s.HTTPSamplerBase: Parser for text/html is org.apache.jmeter.protocol.http.parser.LagartoBasedHtmlParser
2025-08-19 11:23:33,084 INFO o.a.j.p.h.s.HTTPSamplerBase: Parser for application/xhtml+xml is org.apache.jmeter.protocol.http.parser.LagartoBasedHtmlParser
2025-08-19 11:23:33,084 INFO o.a.j.p.h.s.HTTPSamplerBase: Parser for application/xml is org.apache.jmeter.protocol.http.parser.LagartoBasedHtmlParser
2025-08-19 11:23:33,084 INFO o.a.j.p.h.s.HTTPSamplerBase: Parser for text/xml is org.apache.jmeter.protocol.http.parser.LagartoBasedHtmlParser
2025-08-19 11:23:33,084 INFO o.a.j.p.h.s.HTTPSamplerBase: Parser for text/vnd.wap.wml is org.apache.jmeter.protocol.http.parser.RegexpHTMLParser
2025-08-19 11:23:33,084 INFO o.a.j.p.h.s.HTTPSamplerBase: Parser for text/css is org.apache.jmeter.protocol.http.parser.CssParser
2025-08-19 11:23:33,954 INFO o.a.j.JMeter: Creating summariser <summary>
2025-08-19 11:23:33,962 INFO o.a.j.r.d.ReportGenerator: ReportGenerator will use for Parsing the separator: ','
2025-08-19 11:23:33,962 INFO o.a.j.r.d.ReportGenerator: Will generate report at end of test from  results file: /data/results/20250819_092329_51bf5e1d/results.jtl
2025-08-19 11:23:33,962 INFO o.a.j.r.d.ReportGenerator: Reading report generator properties from: /opt/apache-jmeter-5.5/bin/reportgenerator.properties
2025-08-19 11:23:33,963 INFO o.a.j.r.d.ReportGenerator: Merging with JMeter properties
2025-08-19 11:23:33,975 INFO o.a.j.r.c.ReportGeneratorConfiguration: Property 'jmeter.reportgenerator.temp_dir' not found, using default value 'temp' instead.
2025-08-19 11:23:33,979 INFO o.a.j.r.c.ReportGeneratorConfiguration: Property 'jmeter.reportgenerator.apdex_per_transaction' not found, using default value 'null' instead.
2025-08-19 11:23:33,980 INFO o.a.j.r.c.ReportGeneratorConfiguration: apdex_per_transaction is empty, not APDEX per transaction customization
2025-08-19 11:23:33,980 INFO o.a.j.r.c.ReportGeneratorConfiguration: Property 'jmeter.reportgenerator.sample_filter' not found, using default value 'null' instead.
2025-08-19 11:23:33,980 INFO o.a.j.r.c.ReportGeneratorConfiguration: Property 'jmeter.reportgenerator.report_title' not found, using default value 'null' instead.
2025-08-19 11:23:33,980 INFO o.a.j.r.c.ReportGeneratorConfiguration: Property 'jmeter.reportgenerator.start_date' not found, using default value 'null' instead.
2025-08-19 11:23:33,980 INFO o.a.j.r.c.ReportGeneratorConfiguration: Property 'jmeter.reportgenerator.end_date' not found, using default value 'null' instead.
2025-08-19 11:23:33,980 INFO o.a.j.r.c.ReportGeneratorConfiguration: Property 'jmeter.reportgenerator.date_format' not found, using default value 'null' instead.
2025-08-19 11:23:33,980 INFO o.a.j.r.c.ReportGeneratorConfiguration: Will use date range start date: null, end date: null
2025-08-19 11:23:33,986 INFO o.a.j.r.c.ReportGeneratorConfiguration: Property 'jmeter.reportgenerator.graph.totalTPS.exclude_controllers' not found, using default value 'false' instead.
2025-08-19 11:23:33,987 INFO o.a.j.r.c.ReportGeneratorConfiguration: Property 'jmeter.reportgenerator.graph.activeThreadsOverTime.exclude_controllers' not found, using default value 'false' instead.
2025-08-19 11:23:33,987 INFO o.a.j.r.c.ReportGeneratorConfiguration: Property 'jmeter.reportgenerator.graph.timeVsThreads.exclude_controllers' not found, using default value 'false' instead.
2025-08-19 11:23:33,987 INFO o.a.j.r.c.ReportGeneratorConfiguration: Property 'jmeter.reportgenerator.graph.responseTimeDistribution.exclude_controllers' not found, using default value 'false' instead.
2025-08-19 11:23:33,987 INFO o.a.j.r.c.ReportGeneratorConfiguration: Property 'jmeter.reportgenerator.graph.transactionsPerSecond.exclude_controllers' not found, using default value 'false' instead.
2025-08-19 11:23:33,987 INFO o.a.j.r.c.ReportGeneratorConfiguration: Property 'jmeter.reportgenerator.graph.responseTimePercentiles.exclude_controllers' not found, using default value 'false' instead.
2025-08-19 11:23:33,987 INFO o.a.j.r.c.ReportGeneratorConfiguration: Property 'jmeter.reportgenerator.graph.responseTimePercentilesOverTime.exclude_controllers' not found, using default value 'false' instead.
2025-08-19 11:23:33,988 INFO o.a.j.r.c.ReportGeneratorConfiguration: Property 'jmeter.reportgenerator.graph.responseTimesOverTime.exclude_controllers' not found, using default value 'false' instead.
2025-08-19 11:23:33,988 INFO o.a.j.r.c.ReportGeneratorConfiguration: Property 'jmeter.reportgenerator.graph.connectTimeOverTime.exclude_controllers' not found, using default value 'false' instead.
2025-08-19 11:23:33,988 INFO o.a.j.r.c.ReportGeneratorConfiguration: Property 'jmeter.reportgenerator.graph.latenciesOverTime.exclude_controllers' not found, using default value 'false' instead.
2025-08-19 11:23:33,989 INFO o.a.j.r.c.ReportGeneratorConfiguration: Property 'jmeter.reportgenerator.exporter.json.filters_only_sample_series' not found, using default value 'true' instead.
2025-08-19 11:23:33,989 INFO o.a.j.r.c.ReportGeneratorConfiguration: Property 'jmeter.reportgenerator.exporter.json.series_filter' not found, using default value '' instead.
2025-08-19 11:23:33,989 INFO o.a.j.r.c.ReportGeneratorConfiguration: Property 'jmeter.reportgenerator.exporter.json.show_controllers_only' not found, using default value 'false' instead.
2025-08-19 11:23:33,990 INFO o.a.j.r.c.ReportGeneratorConfiguration: Property 'jmeter.reportgenerator.exporter.html.filters_only_sample_series' not found, using default value 'true' instead.
2025-08-19 11:23:33,990 INFO o.a.j.r.c.ReportGeneratorConfiguration: Property 'jmeter.reportgenerator.exporter.html.series_filter' not found, using default value '' instead.
2025-08-19 11:23:33,990 INFO o.a.j.r.c.ReportGeneratorConfiguration: Property 'jmeter.reportgenerator.exporter.html.show_controllers_only' not found, using default value 'false' instead.
2025-08-19 11:23:34,025 INFO o.a.j.e.StandardJMeterEngine: Running the test!
2025-08-19 11:23:34,026 INFO o.a.j.s.SampleEvent: List of sample_variables: []
2025-08-19 11:23:34,026 INFO o.a.j.s.SampleEvent: List of sample_variables: []
2025-08-19 11:23:34,033 INFO o.a.j.e.u.CompoundVariable: Note: Function class names must contain the string: '.functions.'
2025-08-19 11:23:34,033 INFO o.a.j.e.u.CompoundVariable: Note: Function class names must not contain the string: '.gui.'
2025-08-19 11:23:34,807 INFO o.a.j.JMeter: Running test (1755595414807)
2025-08-19 11:23:35,142 INFO o.a.j.e.StandardJMeterEngine: Starting ThreadGroup: 1 : Thread Group
2025-08-19 11:23:35,143 INFO o.a.j.e.StandardJMeterEngine: Starting 5 threads for group Thread Group.
2025-08-19 11:23:35,143 INFO o.a.j.e.StandardJMeterEngine: Thread will continue on error
2025-08-19 11:23:35,144 INFO o.a.j.t.ThreadGroup: Starting thread group... number=1 threads=5 ramp-up=10 delayedStart=false
2025-08-19 11:23:35,214 INFO o.a.j.t.ThreadGroup: Started thread group number 1
2025-08-19 11:23:35,214 INFO o.a.j.e.StandardJMeterEngine: All thread groups have been started
2025-08-19 11:23:35,235 INFO o.a.j.t.JMeterThread: Thread started: Thread Group 1-1
2025-08-19 11:23:35,333 INFO o.a.j.p.h.s.HTTPHCAbstractImpl: Local host = a52d6e21e327
2025-08-19 11:23:35,346 INFO o.a.j.p.h.s.HTTPHC4Impl: HTTP request retry count = 0
2025-08-19 11:23:35,349 INFO o.a.j.s.SampleResult: Note: Sample TimeStamps are START times
2025-08-19 11:23:35,349 INFO o.a.j.s.SampleResult: sampleresult.default.encoding is set to ISO-8859-1
2025-08-19 11:23:35,350 INFO o.a.j.s.SampleResult: sampleresult.useNanoTime=true
2025-08-19 11:23:35,350 INFO o.a.j.s.SampleResult: sampleresult.nanoThreadSleep=5000
2025-08-19 11:23:35,871 INFO o.a.j.r.Summariser: summary +      1 in 00:00:01 =    0.9/s Avg:   241 Min:   241 Max:   241 Err:     0 (0.00%) Active: 1 Started: 1 Finished: 0
2025-08-19 11:23:37,213 INFO o.a.j.t.JMeterThread: Thread started: Thread Group 1-2
2025-08-19 11:23:39,206 INFO o.a.j.t.JMeterThread: Thread started: Thread Group 1-3
2025-08-19 11:23:41,181 INFO o.a.j.t.JMeterThread: Thread started: Thread Group 1-4
2025-08-19 11:23:43,179 INFO o.a.j.t.JMeterThread: Thread started: Thread Group 1-5
2025-08-19 11:24:00,016 INFO o.a.j.r.Summariser: summary +    282 in 00:00:24 =   11.7/s Avg:   294 Min:     8 Max:  1538 Err:     0 (0.00%) Active: 5 Started: 5 Finished: 0
2025-08-19 11:24:00,016 INFO o.a.j.r.Summariser: summary =    283 in 00:00:25 =   11.2/s Avg:   294 Min:     8 Max:  1538 Err:     0 (0.00%)
2025-08-19 11:24:30,037 INFO o.a.j.r.Summariser: summary +    387 in 00:00:30 =   12.9/s Avg:   327 Min:     7 Max:  1397 Err:     0 (0.00%) Active: 5 Started: 5 Finished: 0
2025-08-19 11:24:30,037 INFO o.a.j.r.Summariser: summary =    670 in 00:00:55 =   12.1/s Avg:   313 Min:     7 Max:  1538 Err:     0 (0.00%)
2025-08-19 11:25:00,014 INFO o.a.j.r.Summariser: summary +    390 in 00:00:30 =   13.0/s Avg:   327 Min:     7 Max:  1404 Err:     0 (0.00%) Active: 5 Started: 5 Finished: 0
2025-08-19 11:25:00,014 INFO o.a.j.r.Summariser: summary =   1060 in 00:01:25 =   12.4/s Avg:   319 Min:     7 Max:  1538 Err:     0 (0.00%)
2025-08-19 11:25:30,098 INFO o.a.j.r.Summariser: summary +    390 in 00:00:30 =   13.0/s Avg:   322 Min:     7 Max:  1294 Err:     0 (0.00%) Active: 5 Started: 5 Finished: 0
2025-08-19 11:25:30,098 INFO o.a.j.r.Summariser: summary =   1450 in 00:01:55 =   12.6/s Avg:   319 Min:     7 Max:  1538 Err:     0 (0.00%)
2025-08-19 11:25:35,145 INFO o.a.j.t.JMeterThread: Stopping because end time detected by thread: Thread Group 1-1
2025-08-19 11:25:35,146 INFO o.a.j.t.JMeterThread: Thread finished: Thread Group 1-1
2025-08-19 11:25:35,215 INFO o.a.j.t.JMeterThread: Stopping because end time detected by thread: Thread Group 1-4
2025-08-19 11:25:35,216 INFO o.a.j.t.JMeterThread: Thread finished: Thread Group 1-4
2025-08-19 11:25:35,282 INFO o.a.j.t.JMeterThread: Stopping because end time detected by thread: Thread Group 1-5
2025-08-19 11:25:35,282 INFO o.a.j.t.JMeterThread: Thread finished: Thread Group 1-5
2025-08-19 11:25:35,903 INFO o.a.j.t.JMeterThread: Stopping because end time detected by thread: Thread Group 1-3
2025-08-19 11:25:35,904 INFO o.a.j.t.JMeterThread: Thread finished: Thread Group 1-3
2025-08-19 11:25:36,536 INFO o.a.j.t.JMeterThread: Stopping because end time detected by thread: Thread Group 1-2
2025-08-19 11:25:36,536 INFO o.a.j.t.JMeterThread: Thread finished: Thread Group 1-2
2025-08-19 11:25:36,538 INFO o.a.j.e.StandardJMeterEngine: Notifying test listeners of end of test
2025-08-19 11:25:36,539 INFO o.a.j.r.Summariser: summary +     68 in 00:00:06 =   10.6/s Avg:   374 Min:     8 Max:  1382 Err:     0 (0.00%) Active: 0 Started: 5 Finished: 5
2025-08-19 11:25:36,539 INFO o.a.j.r.Summariser: summary =   1518 in 00:02:02 =   12.5/s Avg:   322 Min:     7 Max:  1538 Err:     0 (0.00%)
2025-08-19 11:25:36,539 INFO o.a.j.JMeter: Generating Dashboard
2025-08-19 11:25:36,539 INFO o.a.j.r.d.ReportGenerator: Flushing result collector before report Generation
2025-08-19 11:25:36,557 INFO o.a.j.r.p.NormalizerSampleConsumer: Using format, 'ms', to parse timeStamp field
2025-08-19 11:25:37,087 INFO o.a.j.r.p.AbstractSampleConsumer: class org.apache.jmeter.report.processor.AggregateConsumer#stopProducing(): beginDate produced 0 samples
2025-08-19 11:25:37,087 INFO o.a.j.r.p.AbstractSampleConsumer: class org.apache.jmeter.report.processor.AggregateConsumer#stopProducing(): endDate produced 0 samples
2025-08-19 11:25:37,093 INFO o.a.j.r.p.AbstractSampleConsumer: class org.apache.jmeter.report.processor.ApdexSummaryConsumer#stopProducing(): apdexSummary produced 0 samples
2025-08-19 11:25:37,093 INFO o.a.j.r.p.AbstractSampleConsumer: class org.apache.jmeter.report.processor.RequestsSummaryConsumer#stopProducing(): requestsSummary produced 0 samples
2025-08-19 11:25:37,122 INFO o.a.j.r.p.AbstractSampleConsumer: class org.apache.jmeter.report.processor.StatisticsSummaryConsumer#stopProducing(): statisticsSummary produced 0 samples
2025-08-19 11:25:37,137 INFO o.a.j.r.p.AbstractSampleConsumer: class org.apache.jmeter.report.processor.Top5ErrorsBySamplerConsumer#stopProducing(): top5ErrorsBySampler produced 0 samples
2025-08-19 11:25:37,141 INFO o.a.j.r.p.AbstractSampleConsumer: class org.apache.jmeter.report.processor.ErrorsSummaryConsumer#stopProducing(): errorsSummary produced 0 samples
2025-08-19 11:25:37,143 INFO o.a.j.r.p.AbstractSampleConsumer: class org.apache.jmeter.report.processor.graph.impl.HitsPerSecondGraphConsumer#stopProducing(): hitsPerSecond produced 0 samples
2025-08-19 11:25:37,282 INFO o.a.j.r.p.AbstractSampleConsumer: class org.apache.jmeter.report.processor.graph.impl.LatencyVSRequestGraphConsumer#stopProducing(): latencyVsRequest produced 0 samples
2025-08-19 11:25:37,287 INFO o.a.j.r.p.AbstractSampleConsumer: class org.apache.jmeter.report.processor.graph.impl.SyntheticResponseTimeDistributionGraphConsumer#stopProducing(): syntheticResponseTimeDistribution produced 0 samples
2025-08-19 11:25:37,288 INFO o.a.j.r.p.AbstractSampleConsumer: class org.apache.jmeter.report.processor.graph.impl.BytesThroughputGraphConsumer#stopProducing(): bytesThroughputOverTime produced 0 samples
2025-08-19 11:25:37,288 INFO o.a.j.r.p.AbstractSampleConsumer: class org.apache.jmeter.report.processor.graph.impl.CodesPerSecondGraphConsumer#stopProducing(): codesPerSecond produced 0 samples
2025-08-19 11:25:37,354 INFO o.a.j.r.p.AbstractSampleConsumer: class org.apache.jmeter.report.processor.graph.impl.ResponseTimeVSRequestGraphConsumer#stopProducing(): responseTimeVsRequest produced 0 samples
2025-08-19 11:25:37,355 INFO o.a.j.r.p.AbstractSampleConsumer: class org.apache.jmeter.report.processor.FilterConsumer#stopProducing(): startIntervalControlerFilter produced 10626 samples
2025-08-19 11:25:37,355 INFO o.a.j.r.p.AbstractSampleConsumer: class org.apache.jmeter.report.processor.graph.impl.TotalTPSGraphConsumer#stopProducing(): totalTPS produced 0 samples
2025-08-19 11:25:37,355 INFO o.a.j.r.p.AbstractSampleConsumer: class org.apache.jmeter.report.processor.graph.impl.ActiveThreadsGraphConsumer#stopProducing(): activeThreadsOverTime produced 0 samples
2025-08-19 11:25:37,355 INFO o.a.j.r.p.AbstractSampleConsumer: class org.apache.jmeter.report.processor.graph.impl.TimeVSThreadGraphConsumer#stopProducing(): timeVsThreads produced 0 samples
2025-08-19 11:25:37,357 INFO o.a.j.r.p.AbstractSampleConsumer: class org.apache.jmeter.report.processor.graph.impl.ResponseTimeDistributionGraphConsumer#stopProducing(): responseTimeDistribution produced 0 samples
2025-08-19 11:25:37,358 INFO o.a.j.r.p.AbstractSampleConsumer: class org.apache.jmeter.report.processor.graph.impl.TransactionsPerSecondGraphConsumer#stopProducing(): transactionsPerSecond produced 0 samples
2025-08-19 11:25:37,358 INFO o.a.j.r.p.AbstractSampleConsumer: class org.apache.jmeter.report.processor.graph.impl.ResponseTimePercentilesGraphConsumer#stopProducing(): responseTimePercentiles produced 0 samples
2025-08-19 11:25:37,376 INFO o.a.j.r.p.AbstractSampleConsumer: class org.apache.jmeter.report.processor.graph.impl.ResponseTimePercentilesOverTimeGraphConsumer#stopProducing(): responseTimePercentilesOverTime produced 0 samples
2025-08-19 11:25:37,379 INFO o.a.j.r.p.AbstractSampleConsumer: class org.apache.jmeter.report.processor.graph.impl.ResponseTimeOverTimeGraphConsumer#stopProducing(): responseTimesOverTime produced 0 samples
2025-08-19 11:25:37,380 INFO o.a.j.r.p.AbstractSampleConsumer: class org.apache.jmeter.report.processor.graph.impl.ConnectTimeOverTimeGraphConsumer#stopProducing(): connectTimeOverTime produced 0 samples
2025-08-19 11:25:37,381 INFO o.a.j.r.p.AbstractSampleConsumer: class org.apache.jmeter.report.processor.graph.impl.LatencyOverTimeGraphConsumer#stopProducing(): latenciesOverTime produced 0 samples
2025-08-19 11:25:37,392 INFO o.a.j.r.p.AbstractSampleConsumer: class org.apache.jmeter.report.processor.FilterConsumer#stopProducing(): nameFilter produced 22770 samples
2025-08-19 11:25:37,393 INFO o.a.j.r.p.AbstractSampleConsumer: class org.apache.jmeter.report.processor.FilterConsumer#stopProducing(): dateRangeFilter produced 4554 samples
2025-08-19 11:25:37,393 INFO o.a.j.r.p.AbstractSampleConsumer: class org.apache.jmeter.report.processor.NormalizerSampleConsumer#stopProducing(): normalizer produced 1518 samples
2025-08-19 11:25:37,394 INFO o.a.j.r.p.CsvFileSampleSource: produce(): 1518 samples produced in 768ms on channel 0
2025-08-19 11:25:37,394 INFO o.a.j.r.d.ReportGenerator: Exporting data using exporter:'json' of className:'org.apache.jmeter.report.dashboard.JsonExporter'
2025-08-19 11:25:37,696 INFO o.a.j.r.d.JsonExporter: Found data for consumer statisticsSummary in context
2025-08-19 11:25:37,696 INFO o.a.j.r.d.JsonExporter: Creating statistics for overall
2025-08-19 11:25:37,697 INFO o.a.j.r.d.JsonExporter: Creating statistics for other transactions
2025-08-19 11:25:37,698 INFO o.a.j.r.d.JsonExporter: Checking output folder
2025-08-19 11:25:37,702 INFO o.a.j.r.d.JsonExporter: Writing statistics JSON to /data/reports/20250819_092329_51bf5e1d/statistics.json
2025-08-19 11:25:37,781 INFO o.a.j.r.d.ReportGenerator: Exporting data using exporter:'html' of className:'org.apache.jmeter.report.dashboard.HtmlTemplateExporter'
2025-08-19 11:25:37,785 INFO o.a.j.r.d.HtmlTemplateExporter: Will generate dashboard in folder: /data/reports/20250819_092329_51bf5e1d
2025-08-19 11:25:38,205 INFO o.a.j.r.d.HtmlTemplateExporter: Report will be generated in: /data/reports/20250819_092329_51bf5e1d, creating folder structure
2025-08-19 11:25:38,215 INFO o.a.j.r.d.TemplateVisitor: Copying folder from '/opt/apache-jmeter-5.5/bin/report-template' to '/data/reports/20250819_092329_51bf5e1d', got message: /data/reports/20250819_092329_51bf5e1d, found non empty folder with following content [/data/reports/20250819_092329_51bf5e1d/statistics.json], will be ignored
2025-08-19 11:25:38,666 INFO o.a.j.JMeter: Dashboard generated
